2025-02-03 22:02:44,021 - INFO - root - Logging configurado correctamente. Archivo de log: C:\Users\rolan\PycharmProjects\sri_xml_bot\sri_xml_bot\librerias\archivos/app.log
2025-02-03 22:02:44,053 - INFO - root - Configuración cargada desde C:\Users\rolan\PycharmProjects\sri_xml_bot\sri_xml_bot\librerias\archivos/configuraciones.ini
2025-02-03 22:03:04,284 - INFO - root - Configuración 'ruc_actual' guardada exitosamente en C:\Users\rolan\PycharmProjects\sri_xml_bot\sri_xml_bot\librerias\archivos/configuraciones.ini.
2025-02-03 22:03:04,290 - INFO - root - Configuración 'clave_ruc_encriptada' guardada exitosamente en C:\Users\rolan\PycharmProjects\sri_xml_bot\sri_xml_bot\librerias\archivos/configuraciones.ini.
2025-02-03 22:03:04,294 - INFO - root - Configuración 'clave_salt' guardada exitosamente en C:\Users\rolan\PycharmProjects\sri_xml_bot\sri_xml_bot\librerias\archivos/configuraciones.ini.
2025-02-03 22:03:26,674 - INFO - root - Logging configurado correctamente. Archivo de log: C:\Users\rolan\PycharmProjects\sri_xml_bot\sri_xml_bot\librerias\archivos/app.log
2025-02-03 22:03:26,707 - INFO - root - Configuración cargada desde C:\Users\rolan\PycharmProjects\sri_xml_bot\sri_xml_bot\librerias\archivos/configuraciones.ini
2025-02-03 22:04:52,931 - INFO - root - Logging configurado correctamente. Archivo de log: C:\Users\rolan\PycharmProjects\sri_xml_bot\sri_xml_bot\librerias\archivos/app.log
2025-02-03 22:04:52,966 - INFO - root - Configuración cargada desde C:\Users\rolan\PycharmProjects\sri_xml_bot\sri_xml_bot\librerias\archivos/configuraciones.ini
2025-02-03 22:08:00,606 - INFO - root - Logging configurado correctamente. Archivo de log: C:\Users\rolan\PycharmProjects\sri_xml_bot\sri_xml_bot\librerias\archivos/app.log
2025-02-03 22:08:00,641 - INFO - root - Configuración cargada desde C:\Users\rolan\PycharmProjects\sri_xml_bot\sri_xml_bot\librerias\archivos/configuraciones.ini
2025-02-03 22:08:10,688 - INFO - root - Logging configurado correctamente. Archivo de log: C:\Users\rolan\PycharmProjects\sri_xml_bot\sri_xml_bot\librerias\archivos/app.log
2025-02-03 22:08:13,363 - INFO - root - Configuración cargada desde C:\Users\rolan\PycharmProjects\sri_xml_bot\sri_xml_bot\librerias\archivos/configuraciones.ini
2025-02-03 22:08:31,747 - INFO - root - Logging configurado correctamente. Archivo de log: C:\Users\rolan\PycharmProjects\sri_xml_bot\sri_xml_bot\librerias\archivos/app.log
2025-02-03 22:08:33,773 - INFO - root - Configuración cargada desde C:\Users\rolan\PycharmProjects\sri_xml_bot\sri_xml_bot\librerias\archivos/configuraciones.ini
2025-02-03 22:12:04,387 - INFO - root - Logging configurado correctamente. Archivo de log: C:\Users\rolan\PycharmProjects\sri_xml_bot\sri_xml_bot\librerias\archivos/app.log
2025-02-03 22:12:04,420 - INFO - root - Configuración cargada desde C:\Users\rolan\PycharmProjects\sri_xml_bot\sri_xml_bot\librerias\archivos/configuraciones.ini
2025-02-03 22:12:11,726 - INFO - root - Configuración cargada desde C:\Users\rolan\PycharmProjects\sri_xml_bot\sri_xml_bot\librerias\archivos/configuraciones.ini
2025-02-03 22:12:49,901 - INFO - root - Logging configurado correctamente. Archivo de log: C:\Users\rolan\PycharmProjects\sri_xml_bot\sri_xml_bot\librerias\archivos/app.log
2025-02-03 22:12:49,935 - INFO - root - Configuración cargada desde C:\Users\rolan\PycharmProjects\sri_xml_bot\sri_xml_bot\librerias\archivos/configuraciones.ini
2025-02-03 22:12:52,905 - INFO - root - Configuración cargada desde C:\Users\rolan\PycharmProjects\sri_xml_bot\sri_xml_bot\librerias\archivos/configuraciones.ini
2025-02-03 22:13:53,804 - INFO - root - Logging configurado correctamente. Archivo de log: C:\Users\rolan\PycharmProjects\sri_xml_bot\sri_xml_bot\librerias\archivos/app.log
2025-02-03 22:13:53,805 - INFO - root - Configuración cargada desde C:\Users\rolan\PycharmProjects\sri_xml_bot\sri_xml_bot\librerias\archivos/configuraciones.ini
2025-02-03 22:13:53,805 - ERROR - root - Ocurrió un error al iniciar la aplicación.
Traceback (most recent call last):
  File "C:\Users\rolan\PycharmProjects\sri_xml_bot\sri_xml_bot\main.py", line 55, in main
    app = Application()
  File "C:\Users\rolan\PycharmProjects\sri_xml_bot\sri_xml_bot\gui.py", line 33, in __init__
    self.mostrar_configuracion_inicial()
  File "C:\Users\rolan\PycharmProjects\sri_xml_bot\sri_xml_bot\gui.py", line 56, in mostrar_configuracion_inicial
    self.ventana_config = Toplevel(self.root)
AttributeError: 'Application' object has no attribute 'root'
2025-02-03 22:15:27,190 - INFO - root - Logging configurado correctamente. Archivo de log: C:\Users\rolan\PycharmProjects\sri_xml_bot\sri_xml_bot\librerias\archivos/app.log
2025-02-03 22:15:27,223 - INFO - root - Configuración cargada desde C:\Users\rolan\PycharmProjects\sri_xml_bot\sri_xml_bot\librerias\archivos/configuraciones.ini
2025-02-03 22:15:27,223 - ERROR - root - Ocurrió un error al iniciar la aplicación.
Traceback (most recent call last):
  File "C:\Users\rolan\PycharmProjects\sri_xml_bot\sri_xml_bot\main.py", line 55, in main
    app = Application()
  File "C:\Users\rolan\PycharmProjects\sri_xml_bot\sri_xml_bot\gui.py", line 34, in __init__
    self.mostrar_configuracion_inicial()
  File "C:\Users\rolan\PycharmProjects\sri_xml_bot\sri_xml_bot\gui.py", line 58, in mostrar_configuracion_inicial
    self.ventana_config = Toplevel(self.root)
AttributeError: 'Application' object has no attribute 'root'
2025-02-03 22:17:04,788 - INFO - root - Logging configurado correctamente. Archivo de log: C:\Users\rolan\PycharmProjects\sri_xml_bot\sri_xml_bot\librerias\archivos/app.log
2025-02-03 22:17:04,820 - INFO - root - Configuración cargada desde C:\Users\rolan\PycharmProjects\sri_xml_bot\sri_xml_bot\librerias\archivos/configuraciones.ini
2025-02-03 22:17:23,474 - INFO - root - Configuración 'ruc_actual' guardada exitosamente en C:\Users\rolan\PycharmProjects\sri_xml_bot\sri_xml_bot\librerias\archivos/configuraciones.ini.
2025-02-03 22:17:23,481 - INFO - root - Configuración 'clave_ruc_encriptada' guardada exitosamente en C:\Users\rolan\PycharmProjects\sri_xml_bot\sri_xml_bot\librerias\archivos/configuraciones.ini.
2025-02-03 22:17:23,486 - INFO - root - Configuración 'clave_salt' guardada exitosamente en C:\Users\rolan\PycharmProjects\sri_xml_bot\sri_xml_bot\librerias\archivos/configuraciones.ini.
2025-02-03 22:17:24,812 - INFO - root - Configuración cargada desde C:\Users\rolan\PycharmProjects\sri_xml_bot\sri_xml_bot\librerias\archivos/configuraciones.ini
2025-02-03 22:17:33,551 - INFO - root - Logging configurado correctamente. Archivo de log: C:\Users\rolan\PycharmProjects\sri_xml_bot\sri_xml_bot\librerias\archivos/app.log
2025-02-03 22:17:33,587 - INFO - root - Configuración cargada desde C:\Users\rolan\PycharmProjects\sri_xml_bot\sri_xml_bot\librerias\archivos/configuraciones.ini
2025-02-03 22:47:49,149 - INFO - root - Logging configurado correctamente. Archivo de log: C:\Users\rolan\PycharmProjects\sri_xml_bot\sri_xml_bot\librerias\archivos/app.log
2025-02-03 22:47:50,009 - INFO - root - Configuración cargada desde C:\Users\rolan\PycharmProjects\sri_xml_bot\sri_xml_bot\librerias\archivos/configuraciones.ini
2025-02-03 22:48:43,211 - INFO - root - Logging configurado correctamente. Archivo de log: C:\Users\rolan\PycharmProjects\sri_xml_bot\sri_xml_bot\librerias\archivos/app.log
2025-02-03 22:48:43,250 - INFO - root - Configuración cargada desde C:\Users\rolan\PycharmProjects\sri_xml_bot\sri_xml_bot\librerias\archivos/configuraciones.ini
2025-02-03 23:42:29,438 - INFO - root - Logging configurado correctamente. Archivo de log: C:\Users\rolan\PycharmProjects\sri_xml_bot\sri_xml_bot\librerias\archivos/app.log
2025-02-03 23:42:29,472 - INFO - root - Configuración cargada desde C:\Users\rolan\PycharmProjects\sri_xml_bot\sri_xml_bot\librerias\archivos/configuraciones.ini
2025-02-03 23:42:31,027 - INFO - root - Configuración cargada desde C:\Users\rolan\PycharmProjects\sri_xml_bot\sri_xml_bot\librerias\archivos/configuraciones.ini
2025-02-03 23:42:35,067 - INFO - root - Logging configurado correctamente. Archivo de log: C:\Users\rolan\PycharmProjects\sri_xml_bot\sri_xml_bot\librerias\archivos/app.log
2025-02-03 23:42:35,101 - INFO - root - Configuración cargada desde C:\Users\rolan\PycharmProjects\sri_xml_bot\sri_xml_bot\librerias\archivos/configuraciones.ini
2025-02-03 23:43:04,675 - INFO - root - Configuración 'ruc_actual' guardada exitosamente en C:\Users\rolan\PycharmProjects\sri_xml_bot\sri_xml_bot\librerias\archivos/configuraciones.ini.
2025-02-03 23:43:04,682 - INFO - root - Configuración 'clave_ruc_encriptada' guardada exitosamente en C:\Users\rolan\PycharmProjects\sri_xml_bot\sri_xml_bot\librerias\archivos/configuraciones.ini.
2025-02-03 23:43:04,686 - INFO - root - Configuración 'razon_social' guardada exitosamente en C:\Users\rolan\PycharmProjects\sri_xml_bot\sri_xml_bot\librerias\archivos/configuraciones.ini.
2025-02-03 23:43:04,691 - INFO - root - Configuración 'clave_salt' guardada exitosamente en C:\Users\rolan\PycharmProjects\sri_xml_bot\sri_xml_bot\librerias\archivos/configuraciones.ini.
2025-02-03 23:43:05,712 - INFO - root - Configuración cargada desde C:\Users\rolan\PycharmProjects\sri_xml_bot\sri_xml_bot\librerias\archivos/configuraciones.ini
2025-02-03 23:43:19,571 - INFO - root - Parámetros de descarga -> Año: 2025, Mes: 2, Día: Todos, Tipo de descarga: 1, Tipo de documento: 1
2025-02-03 23:43:21,257 - INFO - root - WebDriver configurado exitosamente.
2025-02-03 23:43:23,826 - INFO - root - Inicio de sesión completado.
2025-02-03 23:43:26,323 - ERROR - root - No se encontró la ventana del navegador: ChromeDriver cerrado inesperadamente.
2025-02-03 23:43:29,486 - INFO - root - WebDriver cerrado y recursos liberados.
2025-02-03 23:43:44,095 - INFO - root - Logging configurado correctamente. Archivo de log: C:\Users\rolan\PycharmProjects\sri_xml_bot\sri_xml_bot\librerias\archivos/app.log
2025-02-03 23:43:44,129 - INFO - root - Configuración cargada desde C:\Users\rolan\PycharmProjects\sri_xml_bot\sri_xml_bot\librerias\archivos/configuraciones.ini
2025-02-03 23:44:31,154 - INFO - root - Logging configurado correctamente. Archivo de log: C:\Users\rolan\PycharmProjects\sri_xml_bot\sri_xml_bot\librerias\archivos/app.log
2025-02-03 23:44:31,201 - INFO - root - Configuración cargada desde C:\Users\rolan\PycharmProjects\sri_xml_bot\sri_xml_bot\librerias\archivos/configuraciones.ini
2025-02-03 23:45:27,555 - INFO - root - Logging configurado correctamente. Archivo de log: C:\Users\rolan\PycharmProjects\sri_xml_bot\sri_xml_bot\librerias\archivos/app.log
2025-02-03 23:45:27,589 - INFO - root - Configuración cargada desde C:\Users\rolan\PycharmProjects\sri_xml_bot\sri_xml_bot\librerias\archivos/configuraciones.ini
2025-02-03 23:45:33,208 - INFO - root - Parámetros de descarga -> Año: 2025, Mes: 2, Día: Todos, Tipo de descarga: 1, Tipo de documento: 1
2025-02-03 23:45:34,367 - INFO - root - WebDriver configurado exitosamente.
2025-02-03 23:45:35,003 - ERROR - root - No se encontró la ventana del navegador: ChromeDriver cerrado inesperadamente.
2025-02-03 23:45:39,038 - INFO - root - WebDriver cerrado y recursos liberados.
2025-02-03 23:49:59,539 - INFO - root - Logging configurado correctamente. Archivo de log: C:\Users\rolan\PycharmProjects\sri_xml_bot\sri_xml_bot\librerias\archivos/app.log
2025-02-03 23:49:59,573 - INFO - root - Configuración cargada desde C:\Users\rolan\PycharmProjects\sri_xml_bot\sri_xml_bot\librerias\archivos/configuraciones.ini
2025-02-03 23:50:05,980 - INFO - root - Parámetros de descarga -> Año: 2025, Mes: 2, Día: Todos, Tipo de descarga: 1, Tipo de documento: 1
2025-02-03 23:50:07,252 - INFO - root - WebDriver configurado exitosamente.
2025-02-03 23:50:09,522 - INFO - root - Inicio de sesión completado.
2025-02-03 23:50:12,462 - INFO - root - Opciones de consulta seleccionadas.
2025-02-03 23:50:12,509 - INFO - root - Botón de consulta presionado, verificando resultados.
2025-02-03 23:50:12,516 - INFO - root - Mensaje de 'No existen datos' no encontrado inmediatamente, buscando tabla de resultados.
2025-02-03 23:50:13,045 - INFO - root - Consulta completada, tabla de resultados encontrada.
2025-02-03 23:50:14,139 - INFO - root - Se encontraron 3 filas para procesar.
2025-02-03 23:50:15,145 - INFO - root - Procesando documento: #3
2025-02-03 23:50:15,233 - INFO - root - Documento #3 procesado con éxito.
2025-02-03 23:50:15,233 - INFO - root - Procesando documento: #1
2025-02-03 23:50:15,317 - INFO - root - Documento #1 procesado con éxito.
2025-02-03 23:50:15,317 - INFO - root - Procesando documento: #2
2025-02-03 23:50:15,403 - INFO - root - Documento #2 procesado con éxito.
2025-02-03 23:50:27,517 - INFO - root - Parámetros de descarga -> Año: 2025, Mes: 2, Día: Todos, Tipo de descarga: 1, Tipo de documento: 1
2025-02-03 23:50:28,672 - INFO - root - WebDriver configurado exitosamente.
2025-02-03 23:50:30,302 - INFO - root - Inicio de sesión completado.
2025-02-03 23:50:31,325 - ERROR - root - No se encontró la ventana del navegador: ChromeDriver cerrado inesperadamente.
2025-02-04 00:02:22,131 - INFO - root - Logging configurado correctamente. Archivo de log: C:\Users\rolan\PycharmProjects\sri_xml_bot\sri_xml_bot\librerias\archivos/app.log
2025-02-04 00:02:22,168 - INFO - root - Configuración cargada desde C:\Users\rolan\PycharmProjects\sri_xml_bot\sri_xml_bot\librerias\archivos/configuraciones.ini
2025-02-04 00:02:28,709 - INFO - root - Parámetros de descarga -> Año: 2025, Mes: 2, Día: Todos, Tipo de descarga: 1, Tipo de documento: 1
2025-02-04 00:02:29,866 - INFO - root - WebDriver configurado exitosamente.
2025-02-04 00:02:31,605 - INFO - root - Inicio de sesión completado.
2025-02-04 00:02:33,969 - INFO - root - Opciones de consulta seleccionadas.
2025-02-04 00:02:34,013 - INFO - root - Botón de consulta presionado, verificando resultados.
2025-02-04 00:02:34,022 - INFO - root - Mensaje de 'No existen datos' no encontrado inmediatamente, buscando tabla de resultados.
2025-02-04 00:02:34,546 - INFO - root - Consulta completada, tabla de resultados encontrada.
2025-02-04 00:02:35,720 - INFO - root - Se encontraron 6 filas para procesar.
2025-02-04 00:02:36,732 - INFO - root - Procesando documento: #3
2025-02-04 00:02:36,828 - INFO - root - Documento #3 procesado con éxito.
2025-02-04 00:02:36,828 - INFO - root - Procesando documento: #1
2025-02-04 00:02:36,915 - INFO - root - Documento #1 procesado con éxito.
2025-02-04 00:02:36,915 - INFO - root - Procesando documento: #6
2025-02-04 00:02:36,996 - INFO - root - Documento #6 procesado con éxito.
2025-02-04 00:02:36,997 - INFO - root - Procesando documento: #2
2025-02-04 00:02:37,081 - INFO - root - Documento #2 procesado con éxito.
2025-02-04 00:02:37,081 - INFO - root - Procesando documento: #4
2025-02-04 00:02:37,171 - INFO - root - Documento #4 procesado con éxito.
2025-02-04 00:02:37,172 - INFO - root - Procesando documento: #5
2025-02-04 00:02:37,265 - INFO - root - Documento #5 procesado con éxito.
2025-02-04 00:02:37,523 - ERROR - root - Se produjo un error al actualizar el archivo Excel: [Errno 2] No such file or directory: 'C:\\Users\\rolan\\PycharmProjects\\sri_xml_bot\\sri_xml_bot\\librerias\\librerias/archivos/docs_0930808662001_2025.xlsx'.
2025-02-04 00:03:17,117 - INFO - root - Logging configurado correctamente. Archivo de log: C:\Users\rolan\PycharmProjects\sri_xml_bot\sri_xml_bot\librerias\archivos/app.log
2025-02-04 00:03:17,148 - INFO - root - Configuración cargada desde C:\Users\rolan\PycharmProjects\sri_xml_bot\sri_xml_bot\librerias\archivos/configuraciones.ini
2025-02-04 00:03:23,136 - INFO - root - Parámetros de descarga -> Año: 2025, Mes: 2, Día: Todos, Tipo de descarga: 1, Tipo de documento: 1
2025-02-04 00:03:24,316 - INFO - root - WebDriver configurado exitosamente.
2025-02-04 00:03:26,538 - INFO - root - Inicio de sesión completado.
2025-02-04 00:03:28,963 - INFO - root - Opciones de consulta seleccionadas.
2025-02-04 00:03:29,004 - INFO - root - Botón de consulta presionado, verificando resultados.
2025-02-04 00:03:29,019 - INFO - root - Mensaje de 'No existen datos' no encontrado inmediatamente, buscando tabla de resultados.
2025-02-04 00:03:29,547 - INFO - root - Consulta completada, tabla de resultados encontrada.
2025-02-04 00:03:30,773 - INFO - root - Se encontraron 6 filas para procesar.
2025-02-04 00:04:21,653 - INFO - root - Logging configurado correctamente. Archivo de log: C:\Users\rolan\PycharmProjects\sri_xml_bot\sri_xml_bot\librerias\archivos/app.log
2025-02-04 00:04:21,700 - INFO - root - Configuración cargada desde C:\Users\rolan\PycharmProjects\sri_xml_bot\sri_xml_bot\librerias\archivos/configuraciones.ini
2025-02-04 00:04:27,672 - INFO - root - Parámetros de descarga -> Año: 2025, Mes: 2, Día: Todos, Tipo de descarga: 1, Tipo de documento: 1
2025-02-04 00:04:28,825 - INFO - root - WebDriver configurado exitosamente.
2025-02-04 00:04:31,095 - INFO - root - Inicio de sesión completado.
2025-02-04 00:04:33,396 - INFO - root - Opciones de consulta seleccionadas.
2025-02-04 00:04:33,436 - INFO - root - Botón de consulta presionado, verificando resultados.
2025-02-04 00:04:33,452 - INFO - root - Mensaje de 'No existen datos' no encontrado inmediatamente, buscando tabla de resultados.
2025-02-04 00:04:33,979 - INFO - root - Consulta completada, tabla de resultados encontrada.
2025-02-04 00:04:35,205 - INFO - root - Se encontraron 6 filas para procesar.
2025-02-04 00:04:52,346 - INFO - root - Procesando documento: #3
2025-02-04 00:04:52,471 - INFO - root - Documento #3 procesado con éxito.
2025-02-04 00:04:52,471 - INFO - root - Procesando documento: #1
2025-02-04 00:04:52,549 - INFO - root - Documento #1 procesado con éxito.
2025-02-04 00:04:52,549 - INFO - root - Procesando documento: #6
2025-02-04 00:04:52,627 - INFO - root - Documento #6 procesado con éxito.
2025-02-04 00:04:52,627 - INFO - root - Procesando documento: #4
2025-02-04 00:04:52,705 - INFO - root - Documento #4 procesado con éxito.
2025-02-04 00:04:52,705 - INFO - root - Procesando documento: #2
2025-02-04 00:04:52,783 - INFO - root - Documento #2 procesado con éxito.
2025-02-04 00:04:52,783 - INFO - root - Procesando documento: #5
2025-02-04 00:04:52,861 - INFO - root - Documento #5 procesado con éxito.
2025-02-04 00:19:29,678 - INFO - root - Logging configurado correctamente. Archivo de log: C:\Users\rolan\PycharmProjects\sri_xml_bot\sri_xml_bot\librerias\archivos/app.log
2025-02-04 00:19:29,714 - INFO - root - Configuración cargada desde C:\Users\rolan\PycharmProjects\sri_xml_bot\sri_xml_bot\librerias\archivos/configuraciones.ini
2025-02-04 00:19:44,671 - INFO - root - Información 'Acerca de' mostrada.
2025-02-04 00:19:47,977 - INFO - root - Información 'Acerca de' mostrada.
2025-02-04 00:23:51,338 - INFO - root - Logging configurado correctamente. Archivo de log: C:\Users\rolan\PycharmProjects\sri_xml_bot\sri_xml_bot\librerias\archivos/app.log
2025-02-04 00:23:51,371 - INFO - root - Configuración cargada desde C:\Users\rolan\PycharmProjects\sri_xml_bot\sri_xml_bot\librerias\archivos/configuraciones.ini
2025-02-04 00:27:00,518 - INFO - root - Logging configurado correctamente. Archivo de log: C:\Users\rolan\PycharmProjects\sri_xml_bot\sri_xml_bot\librerias\archivos/app.log
2025-02-04 00:27:00,554 - INFO - root - Configuración cargada desde C:\Users\rolan\PycharmProjects\sri_xml_bot\sri_xml_bot\librerias\archivos/configuraciones.ini
2025-02-04 00:27:10,487 - INFO - root - Configuración 'ruta_guardado' guardada exitosamente en C:\Users\rolan\PycharmProjects\sri_xml_bot\sri_xml_bot\librerias\archivos/configuraciones.ini.
2025-02-04 00:27:28,543 - INFO - root - Configuración 'ruta_guardado' guardada exitosamente en C:\Users\rolan\PycharmProjects\sri_xml_bot\sri_xml_bot\librerias\archivos/configuraciones.ini.
2025-02-04 00:27:36,487 - INFO - root - Configuración 'ruta_guardado' guardada exitosamente en C:\Users\rolan\PycharmProjects\sri_xml_bot\sri_xml_bot\librerias\archivos/configuraciones.ini.
2025-02-04 00:27:49,270 - INFO - root - Configuración 'nombre_archivo' guardada exitosamente en C:\Users\rolan\PycharmProjects\sri_xml_bot\sri_xml_bot\librerias\archivos/configuraciones.ini.
2025-02-04 00:28:00,978 - INFO - root - Logging configurado correctamente. Archivo de log: C:\Users\rolan\PycharmProjects\sri_xml_bot\sri_xml_bot\librerias\archivos/app.log
2025-02-04 00:28:01,016 - INFO - root - Configuración cargada desde C:\Users\rolan\PycharmProjects\sri_xml_bot\sri_xml_bot\librerias\archivos/configuraciones.ini
2025-02-04 00:28:07,115 - INFO - root - Configuración 'nombre_archivo' guardada exitosamente en C:\Users\rolan\PycharmProjects\sri_xml_bot\sri_xml_bot\librerias\archivos/configuraciones.ini.
2025-02-04 00:28:20,592 - INFO - root - Configuración 'nombre_archivo' guardada exitosamente en C:\Users\rolan\PycharmProjects\sri_xml_bot\sri_xml_bot\librerias\archivos/configuraciones.ini.
2025-02-04 00:28:23,866 - INFO - root - Logging configurado correctamente. Archivo de log: C:\Users\rolan\PycharmProjects\sri_xml_bot\sri_xml_bot\librerias\archivos/app.log
2025-02-04 00:28:23,904 - INFO - root - Configuración cargada desde C:\Users\rolan\PycharmProjects\sri_xml_bot\sri_xml_bot\librerias\archivos/configuraciones.ini
2025-02-04 00:28:27,735 - INFO - root - Configuración 'nombre_archivo' guardada exitosamente en C:\Users\rolan\PycharmProjects\sri_xml_bot\sri_xml_bot\librerias\archivos/configuraciones.ini.
2025-02-04 00:28:51,628 - INFO - root - Logging configurado correctamente. Archivo de log: C:\Users\rolan\PycharmProjects\sri_xml_bot\sri_xml_bot\librerias\archivos/app.log
2025-02-04 00:28:51,664 - INFO - root - Configuración cargada desde C:\Users\rolan\PycharmProjects\sri_xml_bot\sri_xml_bot\librerias\archivos/configuraciones.ini
2025-02-04 00:30:05,847 - INFO - root - Logging configurado correctamente. Archivo de log: C:\Users\rolan\PycharmProjects\sri_xml_bot\sri_xml_bot\librerias\archivos/app.log
2025-02-04 00:30:05,882 - INFO - root - Configuración cargada desde C:\Users\rolan\PycharmProjects\sri_xml_bot\sri_xml_bot\librerias\archivos/configuraciones.ini
2025-02-04 00:30:09,384 - INFO - root - Configuración 'nombre_archivo' guardada exitosamente en C:\Users\rolan\PycharmProjects\sri_xml_bot\sri_xml_bot\librerias\archivos/configuraciones.ini.
2025-02-04 00:30:54,891 - INFO - root - Logging configurado correctamente. Archivo de log: C:\Users\rolan\PycharmProjects\sri_xml_bot\sri_xml_bot\librerias\archivos/app.log
2025-02-04 00:30:54,926 - INFO - root - Configuración cargada desde C:\Users\rolan\PycharmProjects\sri_xml_bot\sri_xml_bot\librerias\archivos/configuraciones.ini
2025-02-04 00:31:07,940 - INFO - root - Configuración 'ruta_logs' guardada exitosamente en C:\Users\rolan\PycharmProjects\sri_xml_bot\sri_xml_bot\librerias\archivos/configuraciones.ini.
2025-02-04 00:31:19,881 - INFO - root - Configuración 'ruta_chromedriver' guardada exitosamente en C:\Users\rolan\PycharmProjects\sri_xml_bot\sri_xml_bot\librerias\archivos/configuraciones.ini.
2025-02-04 00:31:33,479 - INFO - root - Parámetros de descarga -> Año: 2025, Mes: 2, Día: Todos, Tipo de descarga: 1, Tipo de documento: 1
2025-02-04 00:31:34,986 - INFO - root - WebDriver configurado exitosamente.
2025-02-04 00:31:36,354 - ERROR - root - No se encontró la ventana del navegador: ChromeDriver cerrado inesperadamente.
2025-02-04 00:31:57,526 - INFO - root - Logging configurado correctamente. Archivo de log: C:\Users\rolan\PycharmProjects\sri_xml_bot\sri_xml_bot\librerias\archivos/app.log
2025-02-04 00:31:57,561 - INFO - root - Configuración cargada desde C:\Users\rolan\PycharmProjects\sri_xml_bot\sri_xml_bot\librerias\archivos/configuraciones.ini
2025-02-04 00:32:03,992 - INFO - root - Parámetros de descarga -> Año: 2025, Mes: 2, Día: Todos, Tipo de descarga: 1, Tipo de documento: 1
2025-02-04 00:32:05,194 - INFO - root - WebDriver configurado exitosamente.
2025-02-04 00:32:07,451 - INFO - root - Inicio de sesión completado.
2025-02-04 00:32:08,480 - ERROR - root - No se encontró la ventana del navegador: ChromeDriver cerrado inesperadamente.
2025-02-04 00:32:20,512 - INFO - root - Logging configurado correctamente. Archivo de log: C:\Users\rolan\PycharmProjects\sri_xml_bot\sri_xml_bot\librerias\archivos/app.log
2025-02-04 00:32:20,550 - INFO - root - Configuración cargada desde C:\Users\rolan\PycharmProjects\sri_xml_bot\sri_xml_bot\librerias\archivos/configuraciones.ini
2025-02-04 00:32:21,643 - INFO - root - Logging configurado correctamente. Archivo de log: C:\Users\rolan\PycharmProjects\sri_xml_bot\sri_xml_bot\librerias\archivos/app.log
2025-02-04 00:32:21,678 - INFO - root - Configuración cargada desde C:\Users\rolan\PycharmProjects\sri_xml_bot\sri_xml_bot\librerias\archivos/configuraciones.ini
2025-02-04 00:32:34,938 - INFO - root - Configuración 'ruta_chromedriver' guardada exitosamente en C:\Users\rolan\PycharmProjects\sri_xml_bot\sri_xml_bot\librerias\archivos/configuraciones.ini.
2025-02-04 00:32:51,190 - INFO - root - Logging configurado correctamente. Archivo de log: C:\Users\rolan\PycharmProjects\sri_xml_bot\sri_xml_bot\librerias\archivos/app.log
2025-02-04 00:32:51,225 - INFO - root - Configuración cargada desde C:\Users\rolan\PycharmProjects\sri_xml_bot\sri_xml_bot\librerias\archivos/configuraciones.ini
2025-02-04 00:32:57,707 - INFO - root - Parámetros de descarga -> Año: 2025, Mes: 2, Día: Todos, Tipo de descarga: 1, Tipo de documento: 1
2025-02-04 00:32:58,875 - INFO - root - WebDriver configurado exitosamente.
2025-02-04 00:33:01,233 - INFO - root - Inicio de sesión completado.
2025-02-04 00:33:02,891 - ERROR - root - No se encontró la ventana del navegador: ChromeDriver cerrado inesperadamente.
2025-02-04 00:36:18,965 - INFO - root - Logging configurado correctamente. Archivo de log: C:\Users\rolan\PycharmProjects\sri_xml_bot\sri_xml_bot\librerias\archivos/app.log
2025-02-04 00:36:19,001 - INFO - root - Configuración cargada desde C:\Users\rolan\PycharmProjects\sri_xml_bot\sri_xml_bot\librerias\archivos/configuraciones.ini
2025-02-04 00:36:23,246 - INFO - root - Información 'Acerca de' mostrada.
2025-02-04 00:36:52,842 - INFO - root - Logging configurado correctamente. Archivo de log: C:\Users\rolan\PycharmProjects\sri_xml_bot\sri_xml_bot\librerias\archivos/app.log
2025-02-04 00:36:52,875 - INFO - root - Configuración cargada desde C:\Users\rolan\PycharmProjects\sri_xml_bot\sri_xml_bot\librerias\archivos/configuraciones.ini
2025-02-04 00:37:12,764 - INFO - root - Configuración 'ruc_actual' guardada exitosamente en C:\Users\rolan\PycharmProjects\sri_xml_bot\sri_xml_bot\librerias\archivos/configuraciones.ini.
2025-02-04 00:37:12,771 - INFO - root - Configuración 'razon_social' guardada exitosamente en C:\Users\rolan\PycharmProjects\sri_xml_bot\sri_xml_bot\librerias\archivos/configuraciones.ini.
2025-02-04 00:37:12,776 - INFO - root - Configuración 'clave_ruc_encriptada' guardada exitosamente en C:\Users\rolan\PycharmProjects\sri_xml_bot\sri_xml_bot\librerias\archivos/configuraciones.ini.
2025-02-04 00:37:12,779 - INFO - root - Configuración 'clave_salt' guardada exitosamente en C:\Users\rolan\PycharmProjects\sri_xml_bot\sri_xml_bot\librerias\archivos/configuraciones.ini.
2025-02-04 00:37:20,418 - INFO - root - Logging configurado correctamente. Archivo de log: C:\Users\rolan\PycharmProjects\sri_xml_bot\sri_xml_bot\librerias\archivos/app.log
2025-02-04 00:37:20,497 - INFO - root - Configuración cargada desde C:\Users\rolan\PycharmProjects\sri_xml_bot\sri_xml_bot\librerias\archivos/configuraciones.ini
2025-02-04 00:37:31,837 - ERROR - root - Error al desencriptar la clave.
Traceback (most recent call last):
  File "C:\Users\rolan\PycharmProjects\sri_xml_bot\venv\lib\site-packages\cryptography\fernet.py", line 130, in _verify_signature
    h.verify(data[-32:])
cryptography.exceptions.InvalidSignature: Signature did not match digest.

During handling of the above exception, another exception occurred:

Traceback (most recent call last):
  File "C:\Users\rolan\PycharmProjects\sri_xml_bot\sri_xml_bot\gui.py", line 228, in descargar_recibidos
    clave = desencriptar_texto(clave_encriptada, master, salt)
  File "C:\Users\rolan\PycharmProjects\sri_xml_bot\sri_xml_bot\librerias\encriptar.py", line 40, in desencriptar_texto
    texto = fernet.decrypt(token.encode())
  File "C:\Users\rolan\PycharmProjects\sri_xml_bot\venv\lib\site-packages\cryptography\fernet.py", line 89, in decrypt
    return self._decrypt_data(data, timestamp, time_info)
  File "C:\Users\rolan\PycharmProjects\sri_xml_bot\venv\lib\site-packages\cryptography\fernet.py", line 148, in _decrypt_data
    self._verify_signature(data)
  File "C:\Users\rolan\PycharmProjects\sri_xml_bot\venv\lib\site-packages\cryptography\fernet.py", line 132, in _verify_signature
    raise InvalidToken
cryptography.fernet.InvalidToken
2025-02-04 00:37:50,747 - INFO - root - Configuración 'ruc_actual' guardada exitosamente en C:\Users\rolan\PycharmProjects\sri_xml_bot\sri_xml_bot\librerias\archivos/configuraciones.ini.
2025-02-04 00:37:50,754 - INFO - root - Configuración 'razon_social' guardada exitosamente en C:\Users\rolan\PycharmProjects\sri_xml_bot\sri_xml_bot\librerias\archivos/configuraciones.ini.
2025-02-04 00:37:50,759 - INFO - root - Configuración 'clave_ruc_encriptada' guardada exitosamente en C:\Users\rolan\PycharmProjects\sri_xml_bot\sri_xml_bot\librerias\archivos/configuraciones.ini.
2025-02-04 00:37:50,763 - INFO - root - Configuración 'clave_salt' guardada exitosamente en C:\Users\rolan\PycharmProjects\sri_xml_bot\sri_xml_bot\librerias\archivos/configuraciones.ini.
2025-02-04 00:38:01,122 - ERROR - root - Error al desencriptar la clave.
Traceback (most recent call last):
  File "C:\Users\rolan\PycharmProjects\sri_xml_bot\venv\lib\site-packages\cryptography\fernet.py", line 130, in _verify_signature
    h.verify(data[-32:])
cryptography.exceptions.InvalidSignature: Signature did not match digest.

During handling of the above exception, another exception occurred:

Traceback (most recent call last):
  File "C:\Users\rolan\PycharmProjects\sri_xml_bot\sri_xml_bot\gui.py", line 228, in descargar_recibidos
    clave = desencriptar_texto(clave_encriptada, master, salt)
  File "C:\Users\rolan\PycharmProjects\sri_xml_bot\sri_xml_bot\librerias\encriptar.py", line 40, in desencriptar_texto
    texto = fernet.decrypt(token.encode())
  File "C:\Users\rolan\PycharmProjects\sri_xml_bot\venv\lib\site-packages\cryptography\fernet.py", line 89, in decrypt
    return self._decrypt_data(data, timestamp, time_info)
  File "C:\Users\rolan\PycharmProjects\sri_xml_bot\venv\lib\site-packages\cryptography\fernet.py", line 148, in _decrypt_data
    self._verify_signature(data)
  File "C:\Users\rolan\PycharmProjects\sri_xml_bot\venv\lib\site-packages\cryptography\fernet.py", line 132, in _verify_signature
    raise InvalidToken
cryptography.fernet.InvalidToken
2025-02-04 00:38:05,933 - ERROR - root - Error al desencriptar la clave.
Traceback (most recent call last):
  File "C:\Users\rolan\PycharmProjects\sri_xml_bot\venv\lib\site-packages\cryptography\fernet.py", line 130, in _verify_signature
    h.verify(data[-32:])
cryptography.exceptions.InvalidSignature: Signature did not match digest.

During handling of the above exception, another exception occurred:

Traceback (most recent call last):
  File "C:\Users\rolan\PycharmProjects\sri_xml_bot\sri_xml_bot\gui.py", line 228, in descargar_recibidos
    clave = desencriptar_texto(clave_encriptada, master, salt)
  File "C:\Users\rolan\PycharmProjects\sri_xml_bot\sri_xml_bot\librerias\encriptar.py", line 40, in desencriptar_texto
    texto = fernet.decrypt(token.encode())
  File "C:\Users\rolan\PycharmProjects\sri_xml_bot\venv\lib\site-packages\cryptography\fernet.py", line 89, in decrypt
    return self._decrypt_data(data, timestamp, time_info)
  File "C:\Users\rolan\PycharmProjects\sri_xml_bot\venv\lib\site-packages\cryptography\fernet.py", line 148, in _decrypt_data
    self._verify_signature(data)
  File "C:\Users\rolan\PycharmProjects\sri_xml_bot\venv\lib\site-packages\cryptography\fernet.py", line 132, in _verify_signature
    raise InvalidToken
cryptography.fernet.InvalidToken
2025-02-04 00:38:31,102 - INFO - root - Configuración 'ruc_actual' guardada exitosamente en C:\Users\rolan\PycharmProjects\sri_xml_bot\sri_xml_bot\librerias\archivos/configuraciones.ini.
2025-02-04 00:38:31,110 - INFO - root - Configuración 'razon_social' guardada exitosamente en C:\Users\rolan\PycharmProjects\sri_xml_bot\sri_xml_bot\librerias\archivos/configuraciones.ini.
2025-02-04 00:38:31,114 - INFO - root - Configuración 'clave_ruc_encriptada' guardada exitosamente en C:\Users\rolan\PycharmProjects\sri_xml_bot\sri_xml_bot\librerias\archivos/configuraciones.ini.
2025-02-04 00:38:31,118 - INFO - root - Configuración 'clave_salt' guardada exitosamente en C:\Users\rolan\PycharmProjects\sri_xml_bot\sri_xml_bot\librerias\archivos/configuraciones.ini.
2025-02-04 00:38:36,276 - ERROR - root - Error al desencriptar la clave.
Traceback (most recent call last):
  File "C:\Users\rolan\PycharmProjects\sri_xml_bot\venv\lib\site-packages\cryptography\fernet.py", line 130, in _verify_signature
    h.verify(data[-32:])
cryptography.exceptions.InvalidSignature: Signature did not match digest.

During handling of the above exception, another exception occurred:

Traceback (most recent call last):
  File "C:\Users\rolan\PycharmProjects\sri_xml_bot\sri_xml_bot\gui.py", line 228, in descargar_recibidos
    clave = desencriptar_texto(clave_encriptada, master, salt)
  File "C:\Users\rolan\PycharmProjects\sri_xml_bot\sri_xml_bot\librerias\encriptar.py", line 40, in desencriptar_texto
    texto = fernet.decrypt(token.encode())
  File "C:\Users\rolan\PycharmProjects\sri_xml_bot\venv\lib\site-packages\cryptography\fernet.py", line 89, in decrypt
    return self._decrypt_data(data, timestamp, time_info)
  File "C:\Users\rolan\PycharmProjects\sri_xml_bot\venv\lib\site-packages\cryptography\fernet.py", line 148, in _decrypt_data
    self._verify_signature(data)
  File "C:\Users\rolan\PycharmProjects\sri_xml_bot\venv\lib\site-packages\cryptography\fernet.py", line 132, in _verify_signature
    raise InvalidToken
cryptography.fernet.InvalidToken
2025-02-04 00:39:47,392 - ERROR - root - Error al desencriptar la clave.
Traceback (most recent call last):
  File "C:\Users\rolan\PycharmProjects\sri_xml_bot\venv\lib\site-packages\cryptography\fernet.py", line 130, in _verify_signature
    h.verify(data[-32:])
cryptography.exceptions.InvalidSignature: Signature did not match digest.

During handling of the above exception, another exception occurred:

Traceback (most recent call last):
  File "C:\Users\rolan\PycharmProjects\sri_xml_bot\sri_xml_bot\gui.py", line 228, in descargar_recibidos
    clave = desencriptar_texto(clave_encriptada, master, salt)
  File "C:\Users\rolan\PycharmProjects\sri_xml_bot\sri_xml_bot\librerias\encriptar.py", line 40, in desencriptar_texto
    texto = fernet.decrypt(token.encode())
  File "C:\Users\rolan\PycharmProjects\sri_xml_bot\venv\lib\site-packages\cryptography\fernet.py", line 89, in decrypt
    return self._decrypt_data(data, timestamp, time_info)
  File "C:\Users\rolan\PycharmProjects\sri_xml_bot\venv\lib\site-packages\cryptography\fernet.py", line 148, in _decrypt_data
    self._verify_signature(data)
  File "C:\Users\rolan\PycharmProjects\sri_xml_bot\venv\lib\site-packages\cryptography\fernet.py", line 132, in _verify_signature
    raise InvalidToken
cryptography.fernet.InvalidToken
2025-02-04 00:39:53,004 - ERROR - root - Error al desencriptar la clave.
Traceback (most recent call last):
  File "C:\Users\rolan\PycharmProjects\sri_xml_bot\venv\lib\site-packages\cryptography\fernet.py", line 130, in _verify_signature
    h.verify(data[-32:])
cryptography.exceptions.InvalidSignature: Signature did not match digest.

During handling of the above exception, another exception occurred:

Traceback (most recent call last):
  File "C:\Users\rolan\PycharmProjects\sri_xml_bot\sri_xml_bot\gui.py", line 228, in descargar_recibidos
    clave = desencriptar_texto(clave_encriptada, master, salt)
  File "C:\Users\rolan\PycharmProjects\sri_xml_bot\sri_xml_bot\librerias\encriptar.py", line 40, in desencriptar_texto
    texto = fernet.decrypt(token.encode())
  File "C:\Users\rolan\PycharmProjects\sri_xml_bot\venv\lib\site-packages\cryptography\fernet.py", line 89, in decrypt
    return self._decrypt_data(data, timestamp, time_info)
  File "C:\Users\rolan\PycharmProjects\sri_xml_bot\venv\lib\site-packages\cryptography\fernet.py", line 148, in _decrypt_data
    self._verify_signature(data)
  File "C:\Users\rolan\PycharmProjects\sri_xml_bot\venv\lib\site-packages\cryptography\fernet.py", line 132, in _verify_signature
    raise InvalidToken
cryptography.fernet.InvalidToken
2025-02-04 00:40:07,158 - INFO - root - Logging configurado correctamente. Archivo de log: C:\Users\rolan\PycharmProjects\sri_xml_bot\sri_xml_bot\librerias\archivos/app.log
2025-02-04 00:40:07,204 - INFO - root - Configuración cargada desde C:\Users\rolan\PycharmProjects\sri_xml_bot\sri_xml_bot\librerias\archivos/configuraciones.ini
2025-02-04 00:40:41,675 - INFO - root - Configuración 'ruc_actual' guardada exitosamente en C:\Users\rolan\PycharmProjects\sri_xml_bot\sri_xml_bot\librerias\archivos/configuraciones.ini.
2025-02-04 00:40:42,299 - INFO - root - Configuración 'razon_social' guardada exitosamente en C:\Users\rolan\PycharmProjects\sri_xml_bot\sri_xml_bot\librerias\archivos/configuraciones.ini.
2025-02-04 00:40:42,991 - INFO - root - Configuración 'clave_ruc_encriptada' guardada exitosamente en C:\Users\rolan\PycharmProjects\sri_xml_bot\sri_xml_bot\librerias\archivos/configuraciones.ini.
2025-02-04 00:40:43,425 - INFO - root - Configuración 'clave_salt' guardada exitosamente en C:\Users\rolan\PycharmProjects\sri_xml_bot\sri_xml_bot\librerias\archivos/configuraciones.ini.
2025-02-04 00:40:55,550 - ERROR - root - Error al desencriptar la clave.
Traceback (most recent call last):
  File "C:\Users\rolan\PycharmProjects\sri_xml_bot\venv\lib\site-packages\cryptography\fernet.py", line 130, in _verify_signature
    h.verify(data[-32:])
cryptography.exceptions.InvalidSignature: Signature did not match digest.

During handling of the above exception, another exception occurred:

Traceback (most recent call last):
  File "C:\Users\rolan\PycharmProjects\sri_xml_bot\sri_xml_bot\gui.py", line 228, in descargar_recibidos
    clave = desencriptar_texto(clave_encriptada, master, salt)
  File "C:\Users\rolan\PycharmProjects\sri_xml_bot\sri_xml_bot\librerias\encriptar.py", line 40, in desencriptar_texto
    texto = fernet.decrypt(token.encode())
  File "C:\Users\rolan\PycharmProjects\sri_xml_bot\venv\lib\site-packages\cryptography\fernet.py", line 89, in decrypt
    return self._decrypt_data(data, timestamp, time_info)
  File "C:\Users\rolan\PycharmProjects\sri_xml_bot\venv\lib\site-packages\cryptography\fernet.py", line 148, in _decrypt_data
    self._verify_signature(data)
  File "C:\Users\rolan\PycharmProjects\sri_xml_bot\venv\lib\site-packages\cryptography\fernet.py", line 132, in _verify_signature
    raise InvalidToken
cryptography.fernet.InvalidToken
2025-02-04 00:41:10,450 - INFO - root - Logging configurado correctamente. Archivo de log: C:\Users\rolan\PycharmProjects\sri_xml_bot\sri_xml_bot\librerias\archivos/app.log
2025-02-04 00:41:10,485 - INFO - root - Configuración cargada desde C:\Users\rolan\PycharmProjects\sri_xml_bot\sri_xml_bot\librerias\archivos/configuraciones.ini
2025-02-04 00:41:56,490 - INFO - root - Configuración 'ruc_actual' guardada exitosamente en C:\Users\rolan\PycharmProjects\sri_xml_bot\sri_xml_bot\librerias\archivos/configuraciones.ini.
2025-02-04 00:41:57,065 - INFO - root - Configuración 'razon_social' guardada exitosamente en C:\Users\rolan\PycharmProjects\sri_xml_bot\sri_xml_bot\librerias\archivos/configuraciones.ini.
2025-02-04 00:41:57,822 - INFO - root - Configuración 'clave_ruc_encriptada' guardada exitosamente en C:\Users\rolan\PycharmProjects\sri_xml_bot\sri_xml_bot\librerias\archivos/configuraciones.ini.
2025-02-04 00:41:58,302 - INFO - root - Configuración 'clave_salt' guardada exitosamente en C:\Users\rolan\PycharmProjects\sri_xml_bot\sri_xml_bot\librerias\archivos/configuraciones.ini.
2025-02-04 00:44:44,570 - INFO - root - Logging configurado correctamente. Archivo de log: C:\Users\rolan\PycharmProjects\sri_xml_bot\sri_xml_bot\librerias\archivos/app.log
2025-02-04 00:44:44,608 - INFO - root - Configuración cargada desde C:\Users\rolan\PycharmProjects\sri_xml_bot\sri_xml_bot\librerias\archivos/configuraciones.ini
2025-02-04 00:45:00,931 - INFO - root - Logging configurado correctamente. Archivo de log: C:\Users\rolan\PycharmProjects\sri_xml_bot\sri_xml_bot\librerias\archivos/app.log
2025-02-04 00:45:00,969 - INFO - root - Configuración cargada desde C:\Users\rolan\PycharmProjects\sri_xml_bot\sri_xml_bot\librerias\archivos/configuraciones.ini
2025-02-04 00:45:39,749 - INFO - root - Configuración 'ruc_actual' guardada exitosamente en C:\Users\rolan\PycharmProjects\sri_xml_bot\sri_xml_bot\librerias\archivos/configuraciones.ini.
2025-02-04 00:45:39,755 - INFO - root - Configuración 'razon_social' guardada exitosamente en C:\Users\rolan\PycharmProjects\sri_xml_bot\sri_xml_bot\librerias\archivos/configuraciones.ini.
2025-02-04 00:45:39,760 - INFO - root - Configuración 'clave_ruc_encriptada' guardada exitosamente en C:\Users\rolan\PycharmProjects\sri_xml_bot\sri_xml_bot\librerias\archivos/configuraciones.ini.
2025-02-04 00:45:39,764 - INFO - root - Configuración 'clave_salt' guardada exitosamente en C:\Users\rolan\PycharmProjects\sri_xml_bot\sri_xml_bot\librerias\archivos/configuraciones.ini.
2025-02-04 00:45:47,996 - INFO - root - Parámetros de descarga -> Año: 2025, Mes: 2, Día: Todos, Tipo de descarga: 1, Tipo de documento: 1
2025-02-04 00:45:49,298 - INFO - root - WebDriver configurado exitosamente.
2025-02-04 00:45:51,530 - INFO - root - Inicio de sesión completado.
2025-02-04 00:45:53,614 - ERROR - root - No se encontró la ventana del navegador: ChromeDriver cerrado inesperadamente.
2025-02-04 00:47:35,989 - INFO - root - Logging configurado correctamente. Archivo de log: C:\Users\rolan\PycharmProjects\sri_xml_bot\sri_xml_bot\librerias\archivos/app.log
2025-02-04 00:47:36,060 - INFO - root - Configuración cargada desde C:\Users\rolan\PycharmProjects\sri_xml_bot\sri_xml_bot\librerias\archivos/configuraciones.ini
2025-02-04 00:47:42,815 - INFO - root - Información 'Acerca de' mostrada.
2025-02-04 01:20:58,223 - INFO - root - Logging configurado correctamente. Archivo de log: C:\Users\rolan\PycharmProjects\sri_xml_bot\sri_xml_bot\librerias\archivos/app.log
2025-02-04 01:20:59,092 - INFO - root - Configuración cargada desde C:\Users\rolan\PycharmProjects\sri_xml_bot\sri_xml_bot\librerias\archivos/configuraciones.ini
2025-02-04 01:21:06,219 - INFO - root - Iniciando descarga de documentos.
2025-02-04 01:21:06,234 - INFO - root - Archivo duplicado eliminado: C:/Users/rolan/Downloads\Factura (10).xml
2025-02-04 01:21:06,260 - INFO - root - Archivo duplicado eliminado: C:/Users/rolan/Downloads\Factura (15).xml
2025-02-04 01:21:06,266 - INFO - root - Archivo duplicado eliminado: C:/Users/rolan/Downloads\Factura (16).xml
2025-02-04 01:21:06,277 - INFO - root - Archivo duplicado eliminado: C:/Users/rolan/Downloads\Factura (18).xml
2025-02-04 01:21:06,283 - INFO - root - Archivo duplicado eliminado: C:/Users/rolan/Downloads\Factura (19).xml
2025-02-04 01:21:06,288 - INFO - root - Archivo duplicado eliminado: C:/Users/rolan/Downloads\Factura (2).xml
2025-02-04 01:21:06,294 - INFO - root - Archivo duplicado eliminado: C:/Users/rolan/Downloads\Factura (20).xml
2025-02-04 01:21:06,298 - INFO - root - Archivo duplicado eliminado: C:/Users/rolan/Downloads\Factura (3).xml
2025-02-04 01:21:06,304 - INFO - root - Archivo duplicado eliminado: C:/Users/rolan/Downloads\Factura (4).xml
2025-02-04 01:21:06,309 - INFO - root - Archivo duplicado eliminado: C:/Users/rolan/Downloads\Factura (5).xml
2025-02-04 01:21:06,315 - INFO - root - Archivo duplicado eliminado: C:/Users/rolan/Downloads\Factura (6).xml
2025-02-04 01:21:06,320 - INFO - root - Archivo duplicado eliminado: C:/Users/rolan/Downloads\Factura (7).xml
2025-02-04 01:21:06,324 - INFO - root - Archivo duplicado eliminado: C:/Users/rolan/Downloads\Factura (8).xml
2025-02-04 01:21:06,329 - INFO - root - Archivo duplicado eliminado: C:/Users/rolan/Downloads\Factura (9).xml
2025-02-04 01:21:06,335 - INFO - root - Archivo duplicado eliminado: C:/Users/rolan/Downloads\Factura.xml
2025-02-04 01:21:06,335 - INFO - root - Proceso de eliminación de duplicados finalizado.
2025-02-04 01:21:06,340 - INFO - root - Descarga de documentos completada.
2025-02-04 01:22:04,741 - INFO - root - Logging configurado correctamente. Archivo de log: C:\Users\rolan\PycharmProjects\sri_xml_bot\sri_xml_bot\librerias\archivos/app.log
2025-02-04 01:22:05,300 - INFO - root - Configuración cargada desde C:\Users\rolan\PycharmProjects\sri_xml_bot\sri_xml_bot\librerias\archivos/configuraciones.ini
2025-02-04 01:22:09,047 - INFO - root - Iniciando descarga de documentos.
2025-02-04 01:22:09,048 - INFO - root - Proceso de eliminación de duplicados finalizado.
2025-02-04 01:22:09,056 - INFO - root - Descarga de documentos completada.
2025-02-04 01:22:29,300 - INFO - root - Información 'Acerca de' mostrada.
2025-02-04 01:23:43,649 - INFO - root - Logging configurado correctamente. Archivo de log: C:\Users\rolan\PycharmProjects\sri_xml_bot\sri_xml_bot\librerias\archivos/app.log
2025-02-04 01:23:43,685 - INFO - root - Configuración cargada desde C:\Users\rolan\PycharmProjects\sri_xml_bot\sri_xml_bot\librerias\archivos/configuraciones.ini
2025-02-04 01:30:50,304 - INFO - root - Logging configurado correctamente. Archivo de log: C:\Users\rolan\PycharmProjects\sri_xml_bot\sri_xml_bot\librerias\archivos/app.log
2025-02-04 01:30:50,340 - INFO - root - Configuración cargada desde C:\Users\rolan\PycharmProjects\sri_xml_bot\sri_xml_bot\librerias\archivos/configuraciones.ini
2025-02-04 01:34:18,073 - INFO - root - Logging configurado correctamente. Archivo de log: C:\Users\rolan\PycharmProjects\sri_xml_bot\sri_xml_bot\librerias\archivos/app.log
2025-02-04 01:34:18,107 - INFO - root - Configuración cargada desde C:\Users\rolan\PycharmProjects\sri_xml_bot\sri_xml_bot\librerias\archivos/configuraciones.ini
2025-02-04 01:34:37,445 - INFO - root - Logging configurado correctamente. Archivo de log: C:\Users\rolan\PycharmProjects\sri_xml_bot\sri_xml_bot\librerias\archivos/app.log
2025-02-04 01:34:37,480 - INFO - root - Configuración cargada desde C:\Users\rolan\PycharmProjects\sri_xml_bot\sri_xml_bot\librerias\archivos/configuraciones.ini
2025-02-04 01:35:02,842 - INFO - root - Logging configurado correctamente. Archivo de log: C:\Users\rolan\PycharmProjects\sri_xml_bot\sri_xml_bot\librerias\archivos/app.log
2025-02-04 01:35:02,877 - INFO - root - Configuración cargada desde C:\Users\rolan\PycharmProjects\sri_xml_bot\sri_xml_bot\librerias\archivos/configuraciones.ini
2025-02-04 01:35:24,426 - INFO - root - Logging configurado correctamente. Archivo de log: C:\Users\rolan\PycharmProjects\sri_xml_bot\sri_xml_bot\librerias\archivos/app.log
2025-02-04 01:35:24,462 - INFO - root - Configuración cargada desde C:\Users\rolan\PycharmProjects\sri_xml_bot\sri_xml_bot\librerias\archivos/configuraciones.ini
2025-02-04 01:36:13,341 - INFO - root - Logging configurado correctamente. Archivo de log: C:\Users\rolan\PycharmProjects\sri_xml_bot\sri_xml_bot\librerias\archivos/app.log
2025-02-04 01:36:13,377 - INFO - root - Configuración cargada desde C:\Users\rolan\PycharmProjects\sri_xml_bot\sri_xml_bot\librerias\archivos/configuraciones.ini
2025-02-04 01:37:03,824 - INFO - root - Iniciando descarga de documentos.
2025-02-04 01:37:03,825 - INFO - root - Proceso de eliminación de duplicados finalizado.
2025-02-04 01:37:03,825 - INFO - root - Descarga de documentos completada.
2025-02-04 01:37:44,123 - INFO - root - Logging configurado correctamente. Archivo de log: C:\Users\rolan\PycharmProjects\sri_xml_bot\sri_xml_bot\librerias\archivos/app.log
2025-02-04 01:37:44,159 - INFO - root - Configuración cargada desde C:\Users\rolan\PycharmProjects\sri_xml_bot\sri_xml_bot\librerias\archivos/configuraciones.ini
2025-02-04 01:39:17,299 - INFO - root - Logging configurado correctamente. Archivo de log: C:\Users\rolan\PycharmProjects\sri_xml_bot\sri_xml_bot\librerias\archivos/app.log
2025-02-04 01:39:17,333 - INFO - root - Configuración cargada desde C:\Users\rolan\PycharmProjects\sri_xml_bot\sri_xml_bot\librerias\archivos/configuraciones.ini
2025-02-04 01:39:22,674 - INFO - root - Iniciando descarga de documentos.
2025-02-04 01:39:22,674 - INFO - root - Proceso de eliminación de duplicados finalizado.
2025-02-04 01:39:22,674 - INFO - root - Descarga de documentos completada.
2025-02-04 01:54:11,904 - INFO - root - Logging configurado correctamente. Archivo de log: C:\Users\rolan\PycharmProjects\sri_xml_bot\sri_xml_bot\librerias\archivos/app.log
2025-02-04 01:54:11,939 - INFO - root - Configuración cargada desde C:\Users\rolan\PycharmProjects\sri_xml_bot\sri_xml_bot\librerias\archivos/configuraciones.ini
2025-02-04 01:54:42,988 - INFO - root - Configuración 'ruc_actual' guardada exitosamente en C:\Users\rolan\PycharmProjects\sri_xml_bot\sri_xml_bot\librerias\archivos/configuraciones.ini.
2025-02-04 01:54:42,994 - INFO - root - Configuración 'razon_social' guardada exitosamente en C:\Users\rolan\PycharmProjects\sri_xml_bot\sri_xml_bot\librerias\archivos/configuraciones.ini.
2025-02-04 01:54:42,999 - INFO - root - Configuración 'clave_ruc_encriptada' guardada exitosamente en C:\Users\rolan\PycharmProjects\sri_xml_bot\sri_xml_bot\librerias\archivos/configuraciones.ini.
2025-02-04 01:54:43,003 - INFO - root - Configuración 'clave_salt' guardada exitosamente en C:\Users\rolan\PycharmProjects\sri_xml_bot\sri_xml_bot\librerias\archivos/configuraciones.ini.
2025-02-04 01:54:53,964 - INFO - root - Parámetros de descarga -> Año: 2025, Mes: 1, Día: Todos, Tipo de descarga: 1, Tipo de documento: 1
2025-02-04 01:54:55,399 - INFO - root - WebDriver configurado exitosamente.
2025-02-04 01:54:57,694 - INFO - root - Inicio de sesión completado.
2025-02-04 01:54:59,755 - ERROR - root - No se encontró la ventana del navegador: ChromeDriver cerrado inesperadamente.
2025-02-04 01:55:32,030 - INFO - root - Logging configurado correctamente. Archivo de log: C:\Users\rolan\PycharmProjects\sri_xml_bot\sri_xml_bot\librerias\archivos/app.log
2025-02-04 01:55:32,066 - INFO - root - Configuración cargada desde C:\Users\rolan\PycharmProjects\sri_xml_bot\sri_xml_bot\librerias\archivos/configuraciones.ini
2025-02-04 01:55:44,072 - INFO - root - Parámetros de descarga -> Año: 2025, Mes: 2, Día: Todos, Tipo de descarga: 1, Tipo de documento: 1
2025-02-04 01:55:45,457 - INFO - root - WebDriver configurado exitosamente.
2025-02-04 01:55:47,684 - INFO - root - Inicio de sesión completado.
2025-02-04 01:55:49,951 - INFO - root - Logging configurado correctamente. Archivo de log: C:\Users\rolan\PycharmProjects\sri_xml_bot\sri_xml_bot\librerias\archivos/app.log
2025-02-04 01:55:49,988 - INFO - root - Configuración cargada desde C:\Users\rolan\PycharmProjects\sri_xml_bot\sri_xml_bot\librerias\archivos/configuraciones.ini
2025-02-04 01:55:57,348 - INFO - root - Parámetros de descarga -> Año: 2025, Mes: 1, Día: Todos, Tipo de descarga: 1, Tipo de documento: 1
2025-02-04 01:55:58,539 - INFO - root - WebDriver configurado exitosamente.
2025-02-04 01:56:00,852 - INFO - root - Inicio de sesión completado.
2025-02-04 01:56:03,555 - INFO - root - Opciones de consulta seleccionadas.
2025-02-04 01:56:03,602 - INFO - root - Botón de consulta presionado, verificando resultados.
2025-02-04 01:56:03,609 - INFO - root - Mensaje de 'No existen datos' no encontrado inmediatamente, buscando tabla de resultados.
2025-02-04 01:56:04,139 - INFO - root - Consulta completada, tabla de resultados encontrada.
2025-02-04 01:56:06,449 - INFO - root - Se encontraron 50 filas para procesar.
2025-02-04 01:56:07,464 - INFO - root - Procesando documento: #45
2025-02-04 01:56:07,558 - INFO - root - Documento #45 procesado con éxito.
2025-02-04 01:56:07,558 - INFO - root - Procesando documento: #17
2025-02-04 01:56:07,650 - INFO - root - Documento #17 procesado con éxito.
2025-02-04 01:56:07,650 - INFO - root - Procesando documento: #5
2025-02-04 01:56:07,783 - INFO - root - Documento #5 procesado con éxito.
2025-02-04 01:56:07,783 - INFO - root - Procesando documento: #44
2025-02-04 01:56:07,875 - INFO - root - Documento #44 procesado con éxito.
2025-02-04 01:56:07,875 - INFO - root - Procesando documento: #39
2025-02-04 01:56:07,962 - INFO - root - Documento #39 procesado con éxito.
2025-02-04 01:56:07,962 - INFO - root - Procesando documento: #47
2025-02-04 01:56:08,069 - INFO - root - Documento #47 procesado con éxito.
2025-02-04 01:56:08,069 - INFO - root - Procesando documento: #22
2025-02-04 01:56:08,153 - INFO - root - Documento #22 procesado con éxito.
2025-02-04 01:56:08,153 - INFO - root - Procesando documento: #20
2025-02-04 01:56:08,254 - INFO - root - Documento #20 procesado con éxito.
2025-02-04 01:56:08,254 - INFO - root - Procesando documento: #49
2025-02-04 01:56:08,340 - INFO - root - Documento #49 procesado con éxito.
2025-02-04 01:56:08,342 - INFO - root - Procesando documento: #37
2025-02-04 01:56:08,432 - INFO - root - Documento #37 procesado con éxito.
2025-02-04 01:56:08,432 - INFO - root - Procesando documento: #2
2025-02-04 01:56:08,527 - INFO - root - Documento #2 procesado con éxito.
2025-02-04 01:56:08,528 - INFO - root - Procesando documento: #28
2025-02-04 01:56:08,622 - INFO - root - Documento #28 procesado con éxito.
2025-02-04 01:56:08,623 - INFO - root - Procesando documento: #38
2025-02-04 01:56:08,717 - INFO - root - Documento #38 procesado con éxito.
2025-02-04 01:56:08,717 - INFO - root - Procesando documento: #4
2025-02-04 01:56:08,819 - INFO - root - Documento #4 procesado con éxito.
2025-02-04 01:56:08,819 - INFO - root - Procesando documento: #29
2025-02-04 01:56:08,910 - INFO - root - Documento #29 procesado con éxito.
2025-02-04 01:56:08,910 - INFO - root - Procesando documento: #31
2025-02-04 01:56:09,032 - INFO - root - Documento #31 procesado con éxito.
2025-02-04 01:56:09,032 - INFO - root - Procesando documento: #10
2025-02-04 01:56:09,125 - INFO - root - Documento #10 procesado con éxito.
2025-02-04 01:56:09,125 - INFO - root - Procesando documento: #30
2025-02-04 01:56:09,224 - INFO - root - Documento #30 procesado con éxito.
2025-02-04 01:56:09,224 - INFO - root - Procesando documento: #21
2025-02-04 01:56:09,310 - INFO - root - Documento #21 procesado con éxito.
2025-02-04 01:56:09,310 - INFO - root - Procesando documento: #12
2025-02-04 01:56:09,407 - INFO - root - Documento #12 procesado con éxito.
2025-02-04 01:56:09,407 - INFO - root - Procesando documento: #18
2025-02-04 01:56:09,501 - INFO - root - Documento #18 procesado con éxito.
2025-02-04 01:56:09,501 - INFO - root - Procesando documento: #33
2025-02-04 01:56:09,582 - INFO - root - Documento #33 procesado con éxito.
2025-02-04 01:56:09,582 - INFO - root - Procesando documento: #1
2025-02-04 01:56:09,669 - INFO - root - Documento #1 procesado con éxito.
2025-02-04 01:56:09,670 - INFO - root - Procesando documento: #3
2025-02-04 01:56:09,767 - INFO - root - Documento #3 procesado con éxito.
2025-02-04 01:56:09,768 - INFO - root - Procesando documento: #25
2025-02-04 01:56:09,877 - INFO - root - Documento #25 procesado con éxito.
2025-02-04 01:56:09,878 - INFO - root - Procesando documento: #16
2025-02-04 01:56:09,998 - INFO - root - Documento #16 procesado con éxito.
2025-02-04 01:56:09,998 - INFO - root - Procesando documento: #36
2025-02-04 01:56:10,109 - INFO - root - Documento #36 procesado con éxito.
2025-02-04 01:56:10,110 - INFO - root - Procesando documento: #48
2025-02-04 01:56:10,193 - INFO - root - Documento #48 procesado con éxito.
2025-02-04 01:56:10,193 - INFO - root - Procesando documento: #13
2025-02-04 01:56:10,283 - INFO - root - Documento #13 procesado con éxito.
2025-02-04 01:56:10,283 - INFO - root - Procesando documento: #8
2025-02-04 01:56:10,380 - INFO - root - Documento #8 procesado con éxito.
2025-02-04 01:56:10,380 - INFO - root - Procesando documento: #46
2025-02-04 01:56:10,485 - INFO - root - Documento #46 procesado con éxito.
2025-02-04 01:56:10,485 - INFO - root - Procesando documento: #24
2025-02-04 01:56:10,584 - INFO - root - Documento #24 procesado con éxito.
2025-02-04 01:56:10,584 - INFO - root - Procesando documento: #27
2025-02-04 01:56:10,680 - INFO - root - Documento #27 procesado con éxito.
2025-02-04 01:56:10,680 - INFO - root - Procesando documento: #43
2025-02-04 01:56:10,783 - INFO - root - Documento #43 procesado con éxito.
2025-02-04 01:56:10,783 - INFO - root - Procesando documento: #9
2025-02-04 01:56:10,883 - INFO - root - Documento #9 procesado con éxito.
2025-02-04 01:56:10,884 - INFO - root - Procesando documento: #7
2025-02-04 01:56:11,060 - INFO - root - Documento #7 procesado con éxito.
2025-02-04 01:56:11,060 - INFO - root - Procesando documento: #14
2025-02-04 01:56:11,169 - INFO - root - Documento #14 procesado con éxito.
2025-02-04 01:56:11,169 - INFO - root - Procesando documento: #19
2025-02-04 01:56:11,269 - INFO - root - Documento #19 procesado con éxito.
2025-02-04 01:56:11,270 - INFO - root - Procesando documento: #32
2025-02-04 01:56:11,376 - INFO - root - Documento #32 procesado con éxito.
2025-02-04 01:56:11,376 - INFO - root - Procesando documento: #23
2025-02-04 01:56:11,502 - INFO - root - Documento #23 procesado con éxito.
2025-02-04 01:56:11,502 - INFO - root - Procesando documento: #34
2025-02-04 01:56:11,600 - INFO - root - Documento #34 procesado con éxito.
2025-02-04 01:56:11,600 - INFO - root - Procesando documento: #11
2025-02-04 01:56:11,713 - INFO - root - Documento #11 procesado con éxito.
2025-02-04 01:56:11,714 - INFO - root - Procesando documento: #26
2025-02-04 01:56:11,817 - INFO - root - Documento #26 procesado con éxito.
2025-02-04 01:56:11,817 - INFO - root - Procesando documento: #42
2025-02-04 01:56:11,920 - INFO - root - Documento #42 procesado con éxito.
2025-02-04 01:56:11,920 - INFO - root - Procesando documento: #6
2025-02-04 01:56:12,020 - INFO - root - Documento #6 procesado con éxito.
2025-02-04 01:56:12,020 - INFO - root - Procesando documento: #50
2025-02-04 01:56:12,110 - INFO - root - Documento #50 procesado con éxito.
2025-02-04 01:56:12,110 - INFO - root - Procesando documento: #15
2025-02-04 01:56:12,193 - INFO - root - Documento #15 procesado con éxito.
2025-02-04 01:56:12,193 - INFO - root - Procesando documento: #41
2025-02-04 01:56:12,298 - INFO - root - Documento #41 procesado con éxito.
2025-02-04 01:56:12,298 - INFO - root - Procesando documento: #35
2025-02-04 01:56:12,406 - INFO - root - Documento #35 procesado con éxito.
2025-02-04 01:56:12,406 - INFO - root - Procesando documento: #40
2025-02-04 01:56:12,506 - INFO - root - Documento #40 procesado con éxito.
2025-02-04 01:56:16,253 - INFO - root - Se encontraron 50 filas para procesar.
2025-02-04 01:56:17,288 - INFO - root - Procesando documento: #61
2025-02-04 01:56:17,387 - INFO - root - Documento #61 procesado con éxito.
2025-02-04 01:56:17,387 - INFO - root - Procesando documento: #71
2025-02-04 01:56:17,474 - INFO - root - Documento #71 procesado con éxito.
2025-02-04 01:56:17,475 - INFO - root - Procesando documento: #82
2025-02-04 01:56:17,565 - INFO - root - Documento #82 procesado con éxito.
2025-02-04 01:56:17,565 - INFO - root - Procesando documento: #93
2025-02-04 01:56:17,669 - INFO - root - Documento #93 procesado con éxito.
2025-02-04 01:56:17,669 - INFO - root - Procesando documento: #97
2025-02-04 01:56:17,769 - INFO - root - Documento #97 procesado con éxito.
2025-02-04 01:56:17,769 - INFO - root - Procesando documento: #96
2025-02-04 01:56:17,859 - INFO - root - Documento #96 procesado con éxito.
2025-02-04 01:56:17,859 - INFO - root - Procesando documento: #59
2025-02-04 01:56:17,946 - INFO - root - Documento #59 procesado con éxito.
2025-02-04 01:56:17,947 - INFO - root - Procesando documento: #69
2025-02-04 01:56:18,045 - INFO - root - Documento #69 procesado con éxito.
2025-02-04 01:56:18,045 - INFO - root - Procesando documento: #100
2025-02-04 01:56:18,151 - INFO - root - Documento #100 procesado con éxito.
2025-02-04 01:56:18,151 - INFO - root - Procesando documento: #68
2025-02-04 01:56:18,237 - INFO - root - Documento #68 procesado con éxito.
2025-02-04 01:56:18,238 - INFO - root - Procesando documento: #58
2025-02-04 01:56:18,326 - INFO - root - Documento #58 procesado con éxito.
2025-02-04 01:56:18,326 - INFO - root - Procesando documento: #77
2025-02-04 01:56:18,443 - INFO - root - Documento #77 procesado con éxito.
2025-02-04 01:56:18,443 - INFO - root - Procesando documento: #98
2025-02-04 01:56:18,533 - INFO - root - Documento #98 procesado con éxito.
2025-02-04 01:56:18,533 - INFO - root - Procesando documento: #53
2025-02-04 01:56:18,629 - INFO - root - Documento #53 procesado con éxito.
2025-02-04 01:56:18,629 - INFO - root - Procesando documento: #84
2025-02-04 01:56:18,721 - INFO - root - Documento #84 procesado con éxito.
2025-02-04 01:56:18,721 - INFO - root - Procesando documento: #99
2025-02-04 01:56:18,817 - INFO - root - Documento #99 procesado con éxito.
2025-02-04 01:56:18,817 - INFO - root - Procesando documento: #90
2025-02-04 01:56:18,918 - INFO - root - Documento #90 procesado con éxito.
2025-02-04 01:56:18,918 - INFO - root - Procesando documento: #81
2025-02-04 01:56:19,017 - INFO - root - Documento #81 procesado con éxito.
2025-02-04 01:56:19,017 - INFO - root - Procesando documento: #60
2025-02-04 01:56:19,111 - INFO - root - Documento #60 procesado con éxito.
2025-02-04 01:56:19,111 - INFO - root - Procesando documento: #86
2025-02-04 01:56:19,207 - INFO - root - Documento #86 procesado con éxito.
2025-02-04 01:56:19,207 - INFO - root - Procesando documento: #56
2025-02-04 01:56:19,290 - INFO - root - Documento #56 procesado con éxito.
2025-02-04 01:56:19,290 - INFO - root - Procesando documento: #51
2025-02-04 01:56:19,388 - INFO - root - Documento #51 procesado con éxito.
2025-02-04 01:56:19,388 - INFO - root - Procesando documento: #57
2025-02-04 01:56:19,487 - INFO - root - Documento #57 procesado con éxito.
2025-02-04 01:56:19,487 - INFO - root - Procesando documento: #63
2025-02-04 01:56:19,583 - INFO - root - Documento #63 procesado con éxito.
2025-02-04 01:56:19,583 - INFO - root - Procesando documento: #88
2025-02-04 01:56:19,679 - INFO - root - Documento #88 procesado con éxito.
2025-02-04 01:56:19,679 - INFO - root - Procesando documento: #73
2025-02-04 01:56:19,767 - INFO - root - Documento #73 procesado con éxito.
2025-02-04 01:56:19,767 - INFO - root - Procesando documento: #95
2025-02-04 01:56:19,864 - INFO - root - Documento #95 procesado con éxito.
2025-02-04 01:56:19,864 - INFO - root - Procesando documento: #72
2025-02-04 01:56:19,954 - INFO - root - Documento #72 procesado con éxito.
2025-02-04 01:56:19,954 - INFO - root - Procesando documento: #92
2025-02-04 01:56:20,043 - INFO - root - Documento #92 procesado con éxito.
2025-02-04 01:56:20,043 - INFO - root - Procesando documento: #64
2025-02-04 01:56:20,139 - INFO - root - Documento #64 procesado con éxito.
2025-02-04 01:56:20,139 - INFO - root - Procesando documento: #76
2025-02-04 01:56:20,251 - INFO - root - Documento #76 procesado con éxito.
2025-02-04 01:56:20,251 - INFO - root - Procesando documento: #79
2025-02-04 01:56:20,350 - INFO - root - Documento #79 procesado con éxito.
2025-02-04 01:56:20,350 - INFO - root - Procesando documento: #62
2025-02-04 01:56:20,465 - INFO - root - Documento #62 procesado con éxito.
2025-02-04 01:56:20,466 - INFO - root - Procesando documento: #87
2025-02-04 01:56:20,627 - INFO - root - Documento #87 procesado con éxito.
2025-02-04 01:56:20,627 - INFO - root - Procesando documento: #89
2025-02-04 01:56:20,780 - INFO - root - Documento #89 procesado con éxito.
2025-02-04 01:56:20,780 - INFO - root - Procesando documento: #94
2025-02-04 01:56:20,977 - INFO - root - Documento #94 procesado con éxito.
2025-02-04 01:56:20,977 - INFO - root - Procesando documento: #65
2025-02-04 01:56:21,079 - INFO - root - Documento #65 procesado con éxito.
2025-02-04 01:56:21,080 - INFO - root - Procesando documento: #52
2025-02-04 01:56:21,190 - INFO - root - Documento #52 procesado con éxito.
2025-02-04 01:56:21,190 - INFO - root - Procesando documento: #85
2025-02-04 01:56:21,290 - INFO - root - Documento #85 procesado con éxito.
2025-02-04 01:56:21,290 - INFO - root - Procesando documento: #78
2025-02-04 01:56:21,392 - INFO - root - Documento #78 procesado con éxito.
2025-02-04 01:56:21,393 - INFO - root - Procesando documento: #55
2025-02-04 01:56:21,486 - INFO - root - Documento #55 procesado con éxito.
2025-02-04 01:56:21,486 - INFO - root - Procesando documento: #54
2025-02-04 01:56:21,571 - INFO - root - Documento #54 procesado con éxito.
2025-02-04 01:56:21,571 - INFO - root - Procesando documento: #74
2025-02-04 01:56:21,665 - INFO - root - Documento #74 procesado con éxito.
2025-02-04 01:56:21,666 - INFO - root - Procesando documento: #80
2025-02-04 01:56:21,772 - INFO - root - Documento #80 procesado con éxito.
2025-02-04 01:56:21,772 - INFO - root - Procesando documento: #91
2025-02-04 01:56:21,876 - INFO - root - Documento #91 procesado con éxito.
2025-02-04 01:56:21,876 - INFO - root - Procesando documento: #75
2025-02-04 01:56:21,975 - INFO - root - Documento #75 procesado con éxito.
2025-02-04 01:56:21,976 - INFO - root - Procesando documento: #83
2025-02-04 01:56:22,066 - INFO - root - Documento #83 procesado con éxito.
2025-02-04 01:56:22,066 - INFO - root - Procesando documento: #66
2025-02-04 01:56:22,157 - INFO - root - Documento #66 procesado con éxito.
2025-02-04 01:56:22,157 - INFO - root - Procesando documento: #67
2025-02-04 01:56:22,244 - INFO - root - Documento #67 procesado con éxito.
2025-02-04 01:56:22,244 - INFO - root - Procesando documento: #70
2025-02-04 01:56:22,336 - INFO - root - Documento #70 procesado con éxito.
2025-02-04 01:56:26,064 - INFO - root - Se encontraron 50 filas para procesar.
2025-02-04 01:56:27,100 - INFO - root - Procesando documento: #133
2025-02-04 01:56:27,190 - INFO - root - Documento #133 procesado con éxito.
2025-02-04 01:56:27,190 - INFO - root - Procesando documento: #102
2025-02-04 01:56:27,277 - INFO - root - Documento #102 procesado con éxito.
2025-02-04 01:56:27,277 - INFO - root - Procesando documento: #105
2025-02-04 01:56:27,357 - INFO - root - Documento #105 procesado con éxito.
2025-02-04 01:56:27,357 - INFO - root - Procesando documento: #143
2025-02-04 01:56:27,448 - INFO - root - Documento #143 procesado con éxito.
2025-02-04 01:56:27,448 - INFO - root - Procesando documento: #144
2025-02-04 01:56:27,538 - INFO - root - Documento #144 procesado con éxito.
2025-02-04 01:56:27,538 - INFO - root - Procesando documento: #128
2025-02-04 01:56:27,624 - INFO - root - Documento #128 procesado con éxito.
2025-02-04 01:56:27,624 - INFO - root - Procesando documento: #108
2025-02-04 01:56:27,719 - INFO - root - Documento #108 procesado con éxito.
2025-02-04 01:56:27,719 - INFO - root - Procesando documento: #146
2025-02-04 01:56:27,817 - INFO - root - Documento #146 procesado con éxito.
2025-02-04 01:56:27,817 - INFO - root - Procesando documento: #149
2025-02-04 01:56:27,920 - INFO - root - Documento #149 procesado con éxito.
2025-02-04 01:56:27,920 - INFO - root - Procesando documento: #113
2025-02-04 01:56:28,035 - INFO - root - Documento #113 procesado con éxito.
2025-02-04 01:56:28,035 - INFO - root - Procesando documento: #118
2025-02-04 01:56:28,139 - INFO - root - Documento #118 procesado con éxito.
2025-02-04 01:56:28,139 - INFO - root - Procesando documento: #124
2025-02-04 01:56:28,230 - INFO - root - Documento #124 procesado con éxito.
2025-02-04 01:56:28,230 - INFO - root - Procesando documento: #117
2025-02-04 01:56:28,315 - INFO - root - Documento #117 procesado con éxito.
2025-02-04 01:56:28,315 - INFO - root - Procesando documento: #136
2025-02-04 01:56:28,428 - INFO - root - Documento #136 procesado con éxito.
2025-02-04 01:56:28,429 - INFO - root - Procesando documento: #140
2025-02-04 01:56:28,523 - INFO - root - Documento #140 procesado con éxito.
2025-02-04 01:56:28,523 - INFO - root - Procesando documento: #122
2025-02-04 01:56:28,619 - INFO - root - Documento #122 procesado con éxito.
2025-02-04 01:56:28,619 - INFO - root - Procesando documento: #127
2025-02-04 01:56:28,730 - INFO - root - Documento #127 procesado con éxito.
2025-02-04 01:56:28,730 - INFO - root - Procesando documento: #114
2025-02-04 01:56:28,820 - INFO - root - Documento #114 procesado con éxito.
2025-02-04 01:56:28,820 - INFO - root - Procesando documento: #121
2025-02-04 01:56:28,912 - INFO - root - Documento #121 procesado con éxito.
2025-02-04 01:56:28,913 - INFO - root - Procesando documento: #111
2025-02-04 01:56:29,001 - INFO - root - Documento #111 procesado con éxito.
2025-02-04 01:56:29,001 - INFO - root - Procesando documento: #101
2025-02-04 01:56:29,090 - INFO - root - Documento #101 procesado con éxito.
2025-02-04 01:56:29,090 - INFO - root - Procesando documento: #142
2025-02-04 01:56:29,192 - INFO - root - Documento #142 procesado con éxito.
2025-02-04 01:56:29,192 - INFO - root - Procesando documento: #135
2025-02-04 01:56:29,295 - INFO - root - Documento #135 procesado con éxito.
2025-02-04 01:56:29,295 - INFO - root - Procesando documento: #130
2025-02-04 01:56:29,388 - INFO - root - Documento #130 procesado con éxito.
2025-02-04 01:56:29,389 - INFO - root - Procesando documento: #150
2025-02-04 01:56:29,492 - INFO - root - Documento #150 procesado con éxito.
2025-02-04 01:56:29,492 - INFO - root - Procesando documento: #109
2025-02-04 01:56:29,587 - INFO - root - Documento #109 procesado con éxito.
2025-02-04 01:56:29,587 - INFO - root - Procesando documento: #139
2025-02-04 01:56:29,680 - INFO - root - Documento #139 procesado con éxito.
2025-02-04 01:56:29,680 - INFO - root - Procesando documento: #148
2025-02-04 01:56:29,781 - INFO - root - Documento #148 procesado con éxito.
2025-02-04 01:56:29,781 - INFO - root - Procesando documento: #132
2025-02-04 01:56:29,891 - INFO - root - Documento #132 procesado con éxito.
2025-02-04 01:56:29,891 - INFO - root - Procesando documento: #115
2025-02-04 01:56:30,010 - INFO - root - Documento #115 procesado con éxito.
2025-02-04 01:56:30,010 - INFO - root - Procesando documento: #103
2025-02-04 01:56:30,126 - INFO - root - Documento #103 procesado con éxito.
2025-02-04 01:56:30,126 - INFO - root - Procesando documento: #138
2025-02-04 01:56:30,232 - INFO - root - Documento #138 procesado con éxito.
2025-02-04 01:56:30,233 - INFO - root - Procesando documento: #110
2025-02-04 01:56:30,330 - INFO - root - Documento #110 procesado con éxito.
2025-02-04 01:56:30,330 - INFO - root - Procesando documento: #112
2025-02-04 01:56:30,430 - INFO - root - Documento #112 procesado con éxito.
2025-02-04 01:56:30,430 - INFO - root - Procesando documento: #129
2025-02-04 01:56:30,536 - INFO - root - Documento #129 procesado con éxito.
2025-02-04 01:56:30,537 - INFO - root - Procesando documento: #119
2025-02-04 01:56:30,631 - INFO - root - Documento #119 procesado con éxito.
2025-02-04 01:56:30,631 - INFO - root - Procesando documento: #141
2025-02-04 01:56:30,725 - INFO - root - Documento #141 procesado con éxito.
2025-02-04 01:56:30,726 - INFO - root - Procesando documento: #137
2025-02-04 01:56:30,829 - INFO - root - Documento #137 procesado con éxito.
2025-02-04 01:56:30,830 - INFO - root - Procesando documento: #126
2025-02-04 01:56:30,916 - INFO - root - Documento #126 procesado con éxito.
2025-02-04 01:56:30,916 - INFO - root - Procesando documento: #145
2025-02-04 01:56:31,024 - INFO - root - Documento #145 procesado con éxito.
2025-02-04 01:56:31,024 - INFO - root - Procesando documento: #107
2025-02-04 01:56:31,224 - INFO - root - Documento #107 procesado con éxito.
2025-02-04 01:56:31,224 - INFO - root - Procesando documento: #104
2025-02-04 01:56:31,349 - INFO - root - Documento #104 procesado con éxito.
2025-02-04 01:56:31,349 - INFO - root - Procesando documento: #123
2025-02-04 01:56:31,438 - INFO - root - Documento #123 procesado con éxito.
2025-02-04 01:56:31,438 - INFO - root - Procesando documento: #116
2025-02-04 01:56:31,544 - INFO - root - Documento #116 procesado con éxito.
2025-02-04 01:56:31,544 - INFO - root - Procesando documento: #134
2025-02-04 01:56:31,652 - INFO - root - Documento #134 procesado con éxito.
2025-02-04 01:56:31,652 - INFO - root - Procesando documento: #125
2025-02-04 01:56:31,754 - INFO - root - Documento #125 procesado con éxito.
2025-02-04 01:56:31,754 - INFO - root - Procesando documento: #106
2025-02-04 01:56:31,856 - INFO - root - Documento #106 procesado con éxito.
2025-02-04 01:56:31,856 - INFO - root - Procesando documento: #120
2025-02-04 01:56:31,953 - INFO - root - Documento #120 procesado con éxito.
2025-02-04 01:56:31,953 - INFO - root - Procesando documento: #131
2025-02-04 01:56:32,077 - INFO - root - Documento #131 procesado con éxito.
2025-02-04 01:56:32,077 - INFO - root - Procesando documento: #147
2025-02-04 01:56:32,179 - INFO - root - Documento #147 procesado con éxito.
2025-02-04 01:56:35,900 - INFO - root - Se encontraron 50 filas para procesar.
2025-02-04 01:56:36,934 - INFO - root - Procesando documento: #176
2025-02-04 01:56:37,033 - INFO - root - Documento #176 procesado con éxito.
2025-02-04 01:56:37,033 - INFO - root - Procesando documento: #194
2025-02-04 01:56:37,127 - INFO - root - Documento #194 procesado con éxito.
2025-02-04 01:56:37,127 - INFO - root - Procesando documento: #175
2025-02-04 01:56:37,217 - INFO - root - Documento #175 procesado con éxito.
2025-02-04 01:56:37,217 - INFO - root - Procesando documento: #189
2025-02-04 01:56:37,330 - INFO - root - Documento #189 procesado con éxito.
2025-02-04 01:56:37,330 - INFO - root - Procesando documento: #156
2025-02-04 01:56:37,426 - INFO - root - Documento #156 procesado con éxito.
2025-02-04 01:56:37,426 - INFO - root - Procesando documento: #200
2025-02-04 01:56:37,522 - INFO - root - Documento #200 procesado con éxito.
2025-02-04 01:56:37,522 - INFO - root - Procesando documento: #185
2025-02-04 01:56:37,617 - INFO - root - Documento #185 procesado con éxito.
2025-02-04 01:56:37,617 - INFO - root - Procesando documento: #168
2025-02-04 01:56:37,715 - INFO - root - Documento #168 procesado con éxito.
2025-02-04 01:56:37,715 - INFO - root - Procesando documento: #198
2025-02-04 01:56:37,808 - INFO - root - Documento #198 procesado con éxito.
2025-02-04 01:56:37,808 - INFO - root - Procesando documento: #166
2025-02-04 01:56:37,912 - INFO - root - Documento #166 procesado con éxito.
2025-02-04 01:56:37,912 - INFO - root - Procesando documento: #183
2025-02-04 01:56:38,034 - INFO - root - Documento #183 procesado con éxito.
2025-02-04 01:56:38,034 - INFO - root - Procesando documento: #154
2025-02-04 01:56:38,130 - INFO - root - Documento #154 procesado con éxito.
2025-02-04 01:56:38,132 - INFO - root - Procesando documento: #151
2025-02-04 01:56:38,220 - INFO - root - Documento #151 procesado con éxito.
2025-02-04 01:56:38,220 - INFO - root - Procesando documento: #158
2025-02-04 01:56:38,312 - INFO - root - Documento #158 procesado con éxito.
2025-02-04 01:56:38,313 - INFO - root - Procesando documento: #186
2025-02-04 01:56:38,402 - INFO - root - Documento #186 procesado con éxito.
2025-02-04 01:56:38,402 - INFO - root - Procesando documento: #167
2025-02-04 01:56:38,642 - INFO - root - Documento #167 procesado con éxito.
2025-02-04 01:56:38,642 - INFO - root - Procesando documento: #157
2025-02-04 01:56:38,734 - INFO - root - Documento #157 procesado con éxito.
2025-02-04 01:56:38,734 - INFO - root - Procesando documento: #174
2025-02-04 01:56:38,827 - INFO - root - Documento #174 procesado con éxito.
2025-02-04 01:56:38,827 - INFO - root - Procesando documento: #180
2025-02-04 01:56:38,940 - INFO - root - Documento #180 procesado con éxito.
2025-02-04 01:56:38,940 - INFO - root - Procesando documento: #164
2025-02-04 01:56:39,049 - INFO - root - Documento #164 procesado con éxito.
2025-02-04 01:56:39,049 - INFO - root - Procesando documento: #191
2025-02-04 01:56:39,145 - INFO - root - Documento #191 procesado con éxito.
2025-02-04 01:56:39,145 - INFO - root - Procesando documento: #184
2025-02-04 01:56:39,251 - INFO - root - Documento #184 procesado con éxito.
2025-02-04 01:56:39,251 - INFO - root - Procesando documento: #161
2025-02-04 01:56:39,368 - INFO - root - Documento #161 procesado con éxito.
2025-02-04 01:56:39,368 - INFO - root - Procesando documento: #155
2025-02-04 01:56:39,473 - INFO - root - Documento #155 procesado con éxito.
2025-02-04 01:56:39,473 - INFO - root - Procesando documento: #160
2025-02-04 01:56:39,596 - INFO - root - Documento #160 procesado con éxito.
2025-02-04 01:56:39,596 - INFO - root - Procesando documento: #196
2025-02-04 01:56:39,715 - INFO - root - Documento #196 procesado con éxito.
2025-02-04 01:56:39,716 - INFO - root - Procesando documento: #177
2025-02-04 01:56:39,823 - INFO - root - Documento #177 procesado con éxito.
2025-02-04 01:56:39,823 - INFO - root - Procesando documento: #197
2025-02-04 01:56:39,928 - INFO - root - Documento #197 procesado con éxito.
2025-02-04 01:56:39,928 - INFO - root - Procesando documento: #165
2025-02-04 01:56:40,040 - INFO - root - Documento #165 procesado con éxito.
2025-02-04 01:56:40,040 - INFO - root - Procesando documento: #190
2025-02-04 01:56:40,145 - INFO - root - Documento #190 procesado con éxito.
2025-02-04 01:56:40,145 - INFO - root - Procesando documento: #192
2025-02-04 01:56:40,258 - INFO - root - Documento #192 procesado con éxito.
2025-02-04 01:56:40,258 - INFO - root - Procesando documento: #187
2025-02-04 01:56:40,368 - INFO - root - Documento #187 procesado con éxito.
2025-02-04 01:56:40,368 - INFO - root - Procesando documento: #173
2025-02-04 01:56:40,500 - INFO - root - Documento #173 procesado con éxito.
2025-02-04 01:56:40,500 - INFO - root - Procesando documento: #153
2025-02-04 01:56:40,617 - INFO - root - Documento #153 procesado con éxito.
2025-02-04 01:56:40,617 - INFO - root - Procesando documento: #163
2025-02-04 01:56:40,721 - INFO - root - Documento #163 procesado con éxito.
2025-02-04 01:56:40,721 - INFO - root - Procesando documento: #199
2025-02-04 01:56:40,830 - INFO - root - Documento #199 procesado con éxito.
2025-02-04 01:56:40,830 - INFO - root - Procesando documento: #179
2025-02-04 01:56:40,927 - INFO - root - Documento #179 procesado con éxito.
2025-02-04 01:56:40,927 - INFO - root - Procesando documento: #182
2025-02-04 01:56:41,025 - INFO - root - Documento #182 procesado con éxito.
2025-02-04 01:56:41,026 - INFO - root - Procesando documento: #181
2025-02-04 01:56:41,136 - INFO - root - Documento #181 procesado con éxito.
2025-02-04 01:56:41,136 - INFO - root - Procesando documento: #193
2025-02-04 01:56:41,235 - INFO - root - Documento #193 procesado con éxito.
2025-02-04 01:56:41,235 - INFO - root - Procesando documento: #162
2025-02-04 01:56:41,330 - INFO - root - Documento #162 procesado con éxito.
2025-02-04 01:56:41,330 - INFO - root - Procesando documento: #171
2025-02-04 01:56:41,430 - INFO - root - Documento #171 procesado con éxito.
2025-02-04 01:56:41,430 - INFO - root - Procesando documento: #188
2025-02-04 01:56:41,538 - INFO - root - Documento #188 procesado con éxito.
2025-02-04 01:56:41,538 - INFO - root - Procesando documento: #172
2025-02-04 01:56:41,640 - INFO - root - Documento #172 procesado con éxito.
2025-02-04 01:56:41,640 - INFO - root - Procesando documento: #170
2025-02-04 01:56:41,746 - INFO - root - Documento #170 procesado con éxito.
2025-02-04 01:56:41,746 - INFO - root - Procesando documento: #178
2025-02-04 01:56:41,832 - INFO - root - Documento #178 procesado con éxito.
2025-02-04 01:56:41,833 - INFO - root - Procesando documento: #169
2025-02-04 01:56:41,928 - INFO - root - Documento #169 procesado con éxito.
2025-02-04 01:56:41,928 - INFO - root - Procesando documento: #195
2025-02-04 01:56:42,044 - INFO - root - Documento #195 procesado con éxito.
2025-02-04 01:56:42,044 - INFO - root - Procesando documento: #152
2025-02-04 01:56:42,132 - INFO - root - Documento #152 procesado con éxito.
2025-02-04 01:56:42,132 - INFO - root - Procesando documento: #159
2025-02-04 01:56:42,245 - INFO - root - Documento #159 procesado con éxito.
2025-02-04 01:56:45,161 - INFO - root - Se encontraron 29 filas para procesar.
2025-02-04 01:56:46,194 - INFO - root - Procesando documento: #227
2025-02-04 01:56:46,288 - INFO - root - Documento #227 procesado con éxito.
2025-02-04 01:56:46,289 - INFO - root - Procesando documento: #201
2025-02-04 01:56:46,388 - INFO - root - Documento #201 procesado con éxito.
2025-02-04 01:56:46,388 - INFO - root - Procesando documento: #219
2025-02-04 01:56:46,494 - INFO - root - Documento #219 procesado con éxito.
2025-02-04 01:56:46,494 - INFO - root - Procesando documento: #204
2025-02-04 01:56:46,581 - INFO - root - Documento #204 procesado con éxito.
2025-02-04 01:56:46,581 - INFO - root - Procesando documento: #213
2025-02-04 01:56:46,686 - INFO - root - Documento #213 procesado con éxito.
2025-02-04 01:56:46,686 - INFO - root - Procesando documento: #205
2025-02-04 01:56:46,785 - INFO - root - Documento #205 procesado con éxito.
2025-02-04 01:56:46,785 - INFO - root - Procesando documento: #202
2025-02-04 01:56:46,873 - INFO - root - Documento #202 procesado con éxito.
2025-02-04 01:56:46,873 - INFO - root - Procesando documento: #225
2025-02-04 01:56:46,969 - INFO - root - Documento #225 procesado con éxito.
2025-02-04 01:56:46,970 - INFO - root - Procesando documento: #224
2025-02-04 01:56:47,054 - INFO - root - Documento #224 procesado con éxito.
2025-02-04 01:56:47,054 - INFO - root - Procesando documento: #223
2025-02-04 01:56:47,146 - INFO - root - Documento #223 procesado con éxito.
2025-02-04 01:56:47,146 - INFO - root - Procesando documento: #215
2025-02-04 01:56:47,244 - INFO - root - Documento #215 procesado con éxito.
2025-02-04 01:56:47,244 - INFO - root - Procesando documento: #226
2025-02-04 01:56:47,336 - INFO - root - Documento #226 procesado con éxito.
2025-02-04 01:56:47,336 - INFO - root - Procesando documento: #212
2025-02-04 01:56:47,434 - INFO - root - Documento #212 procesado con éxito.
2025-02-04 01:56:47,435 - INFO - root - Procesando documento: #214
2025-02-04 01:56:47,540 - INFO - root - Documento #214 procesado con éxito.
2025-02-04 01:56:47,540 - INFO - root - Procesando documento: #209
2025-02-04 01:56:47,648 - INFO - root - Documento #209 procesado con éxito.
2025-02-04 01:56:47,648 - INFO - root - Procesando documento: #228
2025-02-04 01:56:47,746 - INFO - root - Documento #228 procesado con éxito.
2025-02-04 01:56:47,746 - INFO - root - Procesando documento: #222
2025-02-04 01:56:47,839 - INFO - root - Documento #222 procesado con éxito.
2025-02-04 01:56:47,839 - INFO - root - Procesando documento: #221
2025-02-04 01:56:47,938 - INFO - root - Documento #221 procesado con éxito.
2025-02-04 01:56:47,938 - INFO - root - Procesando documento: #208
2025-02-04 01:56:48,034 - INFO - root - Documento #208 procesado con éxito.
2025-02-04 01:56:48,035 - INFO - root - Procesando documento: #229
2025-02-04 01:56:48,124 - INFO - root - Documento #229 procesado con éxito.
2025-02-04 01:56:48,125 - INFO - root - Procesando documento: #206
2025-02-04 01:56:48,228 - INFO - root - Documento #206 procesado con éxito.
2025-02-04 01:56:48,228 - INFO - root - Procesando documento: #207
2025-02-04 01:56:48,329 - INFO - root - Documento #207 procesado con éxito.
2025-02-04 01:56:48,329 - INFO - root - Procesando documento: #211
2025-02-04 01:56:48,465 - INFO - root - Documento #211 procesado con éxito.
2025-02-04 01:56:48,465 - INFO - root - Procesando documento: #210
2025-02-04 01:56:48,557 - INFO - root - Documento #210 procesado con éxito.
2025-02-04 01:56:48,557 - INFO - root - Procesando documento: #216
2025-02-04 01:56:48,652 - INFO - root - Documento #216 procesado con éxito.
2025-02-04 01:56:48,652 - INFO - root - Procesando documento: #218
2025-02-04 01:56:48,756 - INFO - root - Documento #218 procesado con éxito.
2025-02-04 01:56:48,756 - INFO - root - Procesando documento: #220
2025-02-04 01:56:48,851 - INFO - root - Documento #220 procesado con éxito.
2025-02-04 01:56:48,851 - INFO - root - Procesando documento: #203
2025-02-04 01:56:48,941 - INFO - root - Documento #203 procesado con éxito.
2025-02-04 01:56:48,942 - INFO - root - Procesando documento: #217
2025-02-04 01:56:49,052 - INFO - root - Documento #217 procesado con éxito.
2025-02-04 01:57:43,154 - INFO - root - Logging configurado correctamente. Archivo de log: C:\Users\rolan\PycharmProjects\sri_xml_bot\sri_xml_bot\librerias\archivos/app.log
2025-02-04 01:57:43,200 - INFO - root - Configuración cargada desde C:\Users\rolan\PycharmProjects\sri_xml_bot\sri_xml_bot\librerias\archivos/configuraciones.ini
2025-02-04 01:59:33,674 - INFO - root - Logging configurado correctamente. Archivo de log: C:\Users\rolan\PycharmProjects\sri_xml_bot\sri_xml_bot\librerias\archivos/app.log
2025-02-04 01:59:33,709 - INFO - root - Configuración cargada desde C:\Users\rolan\PycharmProjects\sri_xml_bot\sri_xml_bot\librerias\archivos/configuraciones.ini
2025-02-04 01:59:38,127 - INFO - root - Iniciando descarga de documentos.
2025-02-04 01:59:39,273 - INFO - root - Proceso de eliminación de duplicados finalizado.
2025-02-04 01:59:39,456 - INFO - root - Descarga de documentos completada.
2025-02-04 02:00:16,445 - INFO - root - Logging configurado correctamente. Archivo de log: C:\Users\rolan\PycharmProjects\sri_xml_bot\sri_xml_bot\librerias\archivos/app.log
2025-02-04 02:00:16,480 - INFO - root - Configuración cargada desde C:\Users\rolan\PycharmProjects\sri_xml_bot\sri_xml_bot\librerias\archivos/configuraciones.ini
2025-02-04 02:00:39,818 - INFO - root - Logging configurado correctamente. Archivo de log: C:\Users\rolan\PycharmProjects\sri_xml_bot\sri_xml_bot\librerias\archivos/app.log
2025-02-04 02:00:39,853 - INFO - root - Configuración cargada desde C:\Users\rolan\PycharmProjects\sri_xml_bot\sri_xml_bot\librerias\archivos/configuraciones.ini
2025-02-04 02:00:54,081 - INFO - root - Iniciando descarga de documentos.
2025-02-04 02:00:54,081 - INFO - root - Proceso de eliminación de duplicados finalizado.
2025-02-04 02:00:54,082 - INFO - root - Descarga de documentos completada.
2025-02-04 02:01:55,174 - INFO - root - Logging configurado correctamente. Archivo de log: C:\Users\rolan\PycharmProjects\sri_xml_bot\sri_xml_bot\librerias\archivos/app.log
2025-02-04 02:01:55,210 - INFO - root - Configuración cargada desde C:\Users\rolan\PycharmProjects\sri_xml_bot\sri_xml_bot\librerias\archivos/configuraciones.ini
2025-02-04 02:02:12,038 - INFO - root - Configuración 'ruta_guardado' guardada exitosamente en C:\Users\rolan\PycharmProjects\sri_xml_bot\sri_xml_bot\librerias\archivos/configuraciones.ini.
2025-02-04 02:02:15,801 - INFO - root - Configuración cargada desde C:\Users\rolan\PycharmProjects\sri_xml_bot\sri_xml_bot\librerias\archivos/configuraciones.ini
2025-02-04 02:02:24,377 - INFO - root - Iniciando descarga de documentos.
2025-02-04 02:02:24,584 - INFO - root - Descarga de documentos completada.
2025-02-04 02:14:32,301 - INFO - root - Logging configurado correctamente. Archivo de log: C:\Users\rolan\PycharmProjects\sri_xml_bot\sri_xml_bot\librerias\archivos/app.log
2025-02-04 02:14:32,338 - INFO - root - Configuración cargada desde C:\Users\rolan\PycharmProjects\sri_xml_bot\sri_xml_bot\librerias\archivos/configuraciones.ini
2025-02-04 02:14:50,707 - INFO - root - Movido: C:/Users/rolan/Downloads/2025 - copia\01\0910441310001\recibidos\xml\facturas\2025\0101202501096858760000120010080018360411234567814.xml -> C:/Users/rolan/Downloads/2025 - copia\0101202501096858760000120010080018360411234567814.xml
2025-02-04 02:14:50,707 - INFO - root - Movido: C:/Users/rolan/Downloads/2025 - copia\01\0910441310001\recibidos\xml\facturas\2025\0101202501179128754100120010120081947942106341115.xml -> C:/Users/rolan/Downloads/2025 - copia\0101202501179128754100120010120081947942106341115.xml
2025-02-04 02:14:50,708 - INFO - root - Movido: C:/Users/rolan/Downloads/2025 - copia\01\0910441310001\recibidos\xml\facturas\2025\0101202501179128754100120010120082334832243648418.xml -> C:/Users/rolan/Downloads/2025 - copia\0101202501179128754100120010120082334832243648418.xml
2025-02-04 02:14:50,708 - INFO - root - Movido: C:/Users/rolan/Downloads/2025 - copia\01\0910441310001\recibidos\xml\facturas\2025\0201202501099000419600121410050008223870082238718.xml -> C:/Users/rolan/Downloads/2025 - copia\0201202501099000419600121410050008223870082238718.xml
2025-02-04 02:14:50,709 - INFO - root - Movido: C:/Users/rolan/Downloads/2025 - copia\01\0910441310001\recibidos\xml\facturas\2025\0201202501099004977700120010010010735951234567811.xml -> C:/Users/rolan/Downloads/2025 - copia\0201202501099004977700120010010010735951234567811.xml
2025-02-04 02:14:50,709 - INFO - root - Movido: C:/Users/rolan/Downloads/2025 - copia\01\0910441310001\recibidos\xml\facturas\2025\0201202501179198472200123000030007028066525356915.xml -> C:/Users/rolan/Downloads/2025 - copia\0201202501179198472200123000030007028066525356915.xml
2025-02-04 02:14:50,709 - INFO - root - Movido: C:/Users/rolan/Downloads/2025 - copia\01\0910441310001\recibidos\xml\facturas\2025\0301202501099133185900122550500000050891357246813.xml -> C:/Users/rolan/Downloads/2025 - copia\0301202501099133185900122550500000050891357246813.xml
2025-02-04 02:14:50,710 - INFO - root - Movido: C:/Users/rolan/Downloads/2025 - copia\01\0910441310001\recibidos\xml\facturas\2025\0301202501099237839500120010080011712581234567811.xml -> C:/Users/rolan/Downloads/2025 - copia\0301202501099237839500120010080011712581234567811.xml
2025-02-04 02:14:50,710 - INFO - root - Movido: C:/Users/rolan/Downloads/2025 - copia\01\0910441310001\recibidos\xml\facturas\2025\0301202501099337010400120391010000072901234567811.xml -> C:/Users/rolan/Downloads/2025 - copia\0301202501099337010400120391010000072901234567811.xml
2025-02-04 02:14:50,710 - INFO - root - Movido: C:/Users/rolan/Downloads/2025 - copia\01\0910441310001\recibidos\xml\facturas\2025\0301202501099337057900120010020000096161234567814.xml -> C:/Users/rolan/Downloads/2025 - copia\0301202501099337057900120010020000096161234567814.xml
2025-02-04 02:14:50,710 - INFO - root - Movido: C:/Users/rolan/Downloads/2025 - copia\01\0910441310001\recibidos\xml\facturas\2025\0301202501176815256000120017772341600970301202514.xml -> C:/Users/rolan/Downloads/2025 - copia\0301202501176815256000120017772341600970301202514.xml
2025-02-04 02:14:50,711 - INFO - root - Movido: C:/Users/rolan/Downloads/2025 - copia\01\0910441310001\recibidos\xml\facturas\2025\0301202501176815256000120017772341653460301202518.xml -> C:/Users/rolan/Downloads/2025 - copia\0301202501176815256000120017772341653460301202518.xml
2025-02-04 02:14:50,711 - INFO - root - Movido: C:/Users/rolan/Downloads/2025 - copia\01\0910441310001\recibidos\xml\facturas\2025\0301202501189172880400120010020003680121234567811.xml -> C:/Users/rolan/Downloads/2025 - copia\0301202501189172880400120010020003680121234567811.xml
2025-02-04 02:14:50,711 - INFO - root - Movido: C:/Users/rolan/Downloads/2025 - copia\01\0910441310001\recibidos\xml\facturas\2025\0301202501189172880400120010040001057281234567818.xml -> C:/Users/rolan/Downloads/2025 - copia\0301202501189172880400120010040001057281234567818.xml
2025-02-04 02:14:50,712 - INFO - root - Movido: C:/Users/rolan/Downloads/2025 - copia\01\0910441310001\recibidos\xml\facturas\2025\0501202501179131006300120010030007551001804581214.xml -> C:/Users/rolan/Downloads/2025 - copia\0501202501179131006300120010030007551001804581214.xml
2025-02-04 02:14:50,712 - INFO - root - Movido: C:/Users/rolan/Downloads/2025 - copia\01\0910441310001\recibidos\xml\facturas\2025\0601202501099000419600121412030001087020010870210.xml -> C:/Users/rolan/Downloads/2025 - copia\0601202501099000419600121412030001087020010870210.xml
2025-02-04 02:14:50,712 - INFO - root - Movido: C:/Users/rolan/Downloads/2025 - copia\01\0910441310001\recibidos\xml\facturas\2025\0601202501099000605900120010010004176440811496718.xml -> C:/Users/rolan/Downloads/2025 - copia\0601202501099000605900120010010004176440811496718.xml
2025-02-04 02:14:50,713 - INFO - root - Movido: C:/Users/rolan/Downloads/2025 - copia\01\0910441310001\recibidos\xml\facturas\2025\0601202501099004945900120010030169104641691046418.xml -> C:/Users/rolan/Downloads/2025 - copia\0601202501099004945900120010030169104641691046418.xml
2025-02-04 02:14:50,713 - INFO - root - Movido: C:/Users/rolan/Downloads/2025 - copia\01\0910441310001\recibidos\xml\facturas\2025\0601202501099004977700120010010010738181234567819.xml -> C:/Users/rolan/Downloads/2025 - copia\0601202501099004977700120010010010738181234567819.xml
2025-02-04 02:14:50,713 - INFO - root - Movido: C:/Users/rolan/Downloads/2025 - copia\01\0910441310001\recibidos\xml\facturas\2025\0601202501099004977700120010010010738241234567811.xml -> C:/Users/rolan/Downloads/2025 - copia\0601202501099004977700120010010010738241234567811.xml
2025-02-04 02:14:50,714 - INFO - root - Movido: C:/Users/rolan/Downloads/2025 - copia\01\0910441310001\recibidos\xml\facturas\2025\0601202501179198472200123735010001572162187351511.xml -> C:/Users/rolan/Downloads/2025 - copia\0601202501179198472200123735010001572162187351511.xml
2025-02-04 02:14:50,714 - INFO - root - Movido: C:/Users/rolan/Downloads/2025 - copia\01\0910441310001\recibidos\xml\facturas\2025\0701202501099000419600121412020001210630012106314.xml -> C:/Users/rolan/Downloads/2025 - copia\0701202501099000419600121412020001210630012106314.xml
2025-02-04 02:14:50,714 - INFO - root - Movido: C:/Users/rolan/Downloads/2025 - copia\01\0910441310001\recibidos\xml\facturas\2025\0701202501099004977700120010010010744651234567813.xml -> C:/Users/rolan/Downloads/2025 - copia\0701202501099004977700120010010010744651234567813.xml
2025-02-04 02:14:50,715 - INFO - root - Movido: C:/Users/rolan/Downloads/2025 - copia\01\0910441310001\recibidos\xml\facturas\2025\0701202501099264134700120010020000037130000838311.xml -> C:/Users/rolan/Downloads/2025 - copia\0701202501099264134700120010020000037130000838311.xml
2025-02-04 02:14:50,715 - INFO - root - Movido: C:/Users/rolan/Downloads/2025 - copia\01\0910441310001\recibidos\xml\facturas\2025\0701202501179009028000120010020001525010015250116.xml -> C:/Users/rolan/Downloads/2025 - copia\0701202501179009028000120010020001525010015250116.xml
2025-02-04 02:14:50,715 - INFO - root - Movido: C:/Users/rolan/Downloads/2025 - copia\01\0910441310001\recibidos\xml\facturas\2025\0701202501179047524700120010060472637184726371810.xml -> C:/Users/rolan/Downloads/2025 - copia\0701202501179047524700120010060472637184726371810.xml
2025-02-04 02:14:50,716 - INFO - root - Movido: C:/Users/rolan/Downloads/2025 - copia\01\0910441310001\recibidos\xml\facturas\2025\0701202501189172880400120010020003684361234567813.xml -> C:/Users/rolan/Downloads/2025 - copia\0701202501189172880400120010020003684361234567813.xml
2025-02-04 02:14:50,716 - INFO - root - Movido: C:/Users/rolan/Downloads/2025 - copia\01\0910441310001\recibidos\xml\facturas\2025\0801202501070166162100120020100001016021234567810.xml -> C:/Users/rolan/Downloads/2025 - copia\0801202501070166162100120020100001016021234567810.xml
2025-02-04 02:14:50,716 - INFO - root - Movido: C:/Users/rolan/Downloads/2025 - copia\01\0910441310001\recibidos\xml\facturas\2025\0801202501099004977700120010010010749871234567816.xml -> C:/Users/rolan/Downloads/2025 - copia\0801202501099004977700120010010010749871234567816.xml
2025-02-04 02:14:50,716 - INFO - root - Movido: C:/Users/rolan/Downloads/2025 - copia\01\0910441310001\recibidos\xml\facturas\2025\0801202501099004977700120010010010750811234567819.xml -> C:/Users/rolan/Downloads/2025 - copia\0801202501099004977700120010010010750811234567819.xml
2025-02-04 02:14:50,716 - INFO - root - Movido: C:/Users/rolan/Downloads/2025 - copia\01\0910441310001\recibidos\xml\facturas\2025\0801202501099012918500120014050000845840193675111.xml -> C:/Users/rolan/Downloads/2025 - copia\0801202501099012918500120014050000845840193675111.xml
2025-02-04 02:14:50,717 - INFO - root - Movido: C:/Users/rolan/Downloads/2025 - copia\01\0910441310001\recibidos\xml\facturas\2025\0801202501099035379400120051000002398170023981713.xml -> C:/Users/rolan/Downloads/2025 - copia\0801202501099035379400120051000002398170023981713.xml
2025-02-04 02:14:50,717 - INFO - root - Movido: C:/Users/rolan/Downloads/2025 - copia\01\0910441310001\recibidos\xml\facturas\2025\0801202501099035379400120051000002398880023988812.xml -> C:/Users/rolan/Downloads/2025 - copia\0801202501099035379400120051000002398880023988812.xml
2025-02-04 02:14:50,717 - INFO - root - Movido: C:/Users/rolan/Downloads/2025 - copia\01\0910441310001\recibidos\xml\facturas\2025\0801202501099085832200120355140000368310990858314.xml -> C:/Users/rolan/Downloads/2025 - copia\0801202501099085832200120355140000368310990858314.xml
2025-02-04 02:14:50,718 - INFO - root - Movido: C:/Users/rolan/Downloads/2025 - copia\01\0910441310001\recibidos\xml\facturas\2025\0801202501099097198600120010430001519850015198517.xml -> C:/Users/rolan/Downloads/2025 - copia\0801202501099097198600120010430001519850015198517.xml
2025-02-04 02:14:50,718 - INFO - root - Movido: C:/Users/rolan/Downloads/2025 - copia\01\0910441310001\recibidos\xml\facturas\2025\0801202501139173197300120010020000403181234567810.xml -> C:/Users/rolan/Downloads/2025 - copia\0801202501139173197300120010020000403181234567810.xml
2025-02-04 02:14:50,718 - INFO - root - Movido: C:/Users/rolan/Downloads/2025 - copia\01\0910441310001\recibidos\xml\facturas\2025\0801202501171752361500120019010000262180000000110.xml -> C:/Users/rolan/Downloads/2025 - copia\0801202501171752361500120019010000262180000000110.xml
2025-02-04 02:14:50,719 - INFO - root - Movido: C:/Users/rolan/Downloads/2025 - copia\01\0910441310001\recibidos\xml\facturas\2025\0801202501179068351600120030010000856759547651514.xml -> C:/Users/rolan/Downloads/2025 - copia\0801202501179068351600120030010000856759547651514.xml
2025-02-04 02:14:50,719 - INFO - root - Movido: C:/Users/rolan/Downloads/2025 - copia\01\0910441310001\recibidos\xml\facturas\2025\0801202501179173003800120010020000862670801202514.xml -> C:/Users/rolan/Downloads/2025 - copia\0801202501179173003800120010020000862670801202514.xml
2025-02-04 02:14:50,720 - INFO - root - Movido: C:/Users/rolan/Downloads/2025 - copia\01\0910441310001\recibidos\xml\facturas\2025\0801202501189172880400120010020003686521234567812.xml -> C:/Users/rolan/Downloads/2025 - copia\0801202501189172880400120010020003686521234567812.xml
2025-02-04 02:14:50,720 - INFO - root - Movido: C:/Users/rolan/Downloads/2025 - copia\01\0910441310001\recibidos\xml\facturas\2025\0801202501189172880400120030010000388611234567810.xml -> C:/Users/rolan/Downloads/2025 - copia\0801202501189172880400120030010000388611234567810.xml
2025-02-04 02:14:50,720 - INFO - root - Movido: C:/Users/rolan/Downloads/2025 - copia\01\0910441310001\recibidos\xml\facturas\2025\0901202501070166162100120020100001016661234567814.xml -> C:/Users/rolan/Downloads/2025 - copia\0901202501070166162100120020100001016661234567814.xml
2025-02-04 02:14:50,721 - INFO - root - Movido: C:/Users/rolan/Downloads/2025 - copia\01\0910441310001\recibidos\xml\facturas\2025\0901202501096859902000121489990618318250175134818.xml -> C:/Users/rolan/Downloads/2025 - copia\0901202501096859902000121489990618318250175134818.xml
2025-02-04 02:14:50,721 - INFO - root - Movido: C:/Users/rolan/Downloads/2025 - copia\01\0910441310001\recibidos\xml\facturas\2025\0901202501099004977700120010010010753961234567816.xml -> C:/Users/rolan/Downloads/2025 - copia\0901202501099004977700120010010010753961234567816.xml
2025-02-04 02:14:50,721 - INFO - root - Movido: C:/Users/rolan/Downloads/2025 - copia\01\0910441310001\recibidos\xml\facturas\2025\0901202501099210689100120570500002081231234567810.xml -> C:/Users/rolan/Downloads/2025 - copia\0901202501099210689100120570500002081231234567810.xml
2025-02-04 02:14:50,721 - INFO - root - Movido: C:/Users/rolan/Downloads/2025 - copia\01\0910441310001\recibidos\xml\facturas\2025\0901202501179047524700120010060473040834730408310.xml -> C:/Users/rolan/Downloads/2025 - copia\0901202501179047524700120010060473040834730408310.xml
2025-02-04 02:14:50,722 - INFO - root - Movido: C:/Users/rolan/Downloads/2025 - copia\01\0910441310001\recibidos\xml\facturas\2025\0901202501179051600800120010051129056012143122413.xml -> C:/Users/rolan/Downloads/2025 - copia\0901202501179051600800120010051129056012143122413.xml
2025-02-04 02:14:50,722 - INFO - root - Movido: C:/Users/rolan/Downloads/2025 - copia\01\0910441310001\recibidos\xml\facturas\2025\0901202501179223111600120010660000714040007140418.xml -> C:/Users/rolan/Downloads/2025 - copia\0901202501179223111600120010660000714040007140418.xml
2025-02-04 02:14:50,722 - INFO - root - Movido: C:/Users/rolan/Downloads/2025 - copia\01\0910441310001\recibidos\xml\facturas\2025\1001202501099000419600121410040010076450100764510.xml -> C:/Users/rolan/Downloads/2025 - copia\1001202501099000419600121410040010076450100764510.xml
2025-02-04 02:14:50,723 - INFO - root - Movido: C:/Users/rolan/Downloads/2025 - copia\01\0910441310001\recibidos\xml\facturas\2025\1001202501099004977700120010010010758701234567815.xml -> C:/Users/rolan/Downloads/2025 - copia\1001202501099004977700120010010010758701234567815.xml
2025-02-04 02:14:50,723 - INFO - root - Movido: C:/Users/rolan/Downloads/2025 - copia\01\0910441310001\recibidos\xml\facturas\2025\1001202501099085832200120390250001362740990858316.xml -> C:/Users/rolan/Downloads/2025 - copia\1001202501099085832200120390250001362740990858316.xml
2025-02-04 02:14:50,723 - INFO - root - Movido: C:/Users/rolan/Downloads/2025 - copia\01\0910441310001\recibidos\xml\facturas\2025\1001202501179171577200122010100000574035658032319.xml -> C:/Users/rolan/Downloads/2025 - copia\1001202501179171577200122010100000574035658032319.xml
2025-02-04 02:14:50,724 - INFO - root - Movido: C:/Users/rolan/Downloads/2025 - copia\01\0910441310001\recibidos\xml\facturas\2025\1101202501099337010400120391010000076371234567811.xml -> C:/Users/rolan/Downloads/2025 - copia\1101202501099337010400120391010000076371234567811.xml
2025-02-04 02:14:50,724 - INFO - root - Movido: C:/Users/rolan/Downloads/2025 - copia\01\0910441310001\recibidos\xml\facturas\2025\1201202501099273940100120020050001335181234567817.xml -> C:/Users/rolan/Downloads/2025 - copia\1201202501099273940100120020050001335181234567817.xml
2025-02-04 02:14:50,724 - INFO - root - Movido: C:/Users/rolan/Downloads/2025 - copia\01\0910441310001\recibidos\xml\facturas\2025\1201202501179125611500120013271129850973875374814.xml -> C:/Users/rolan/Downloads/2025 - copia\1201202501179125611500120013271129850973875374814.xml
2025-02-04 02:14:50,724 - INFO - root - Movido: C:/Users/rolan/Downloads/2025 - copia\01\0910441310001\recibidos\xml\facturas\2025\1301202501070166162100120020100001018611234567810.xml -> C:/Users/rolan/Downloads/2025 - copia\1301202501070166162100120020100001018611234567810.xml
2025-02-04 02:14:50,724 - INFO - root - Movido: C:/Users/rolan/Downloads/2025 - copia\01\0910441310001\recibidos\xml\facturas\2025\1301202501091664635900120020250000006930000072013.xml -> C:/Users/rolan/Downloads/2025 - copia\1301202501091664635900120020250000006930000072013.xml
2025-02-04 02:14:50,724 - INFO - root - Movido: C:/Users/rolan/Downloads/2025 - copia\01\0910441310001\recibidos\xml\facturas\2025\1301202501099004945900120010030169784321697843217.xml -> C:/Users/rolan/Downloads/2025 - copia\1301202501099004945900120010030169784321697843217.xml
2025-02-04 02:14:50,726 - INFO - root - Movido: C:/Users/rolan/Downloads/2025 - copia\01\0910441310001\recibidos\xml\facturas\2025\1301202501099004977700120010010010764171234567813.xml -> C:/Users/rolan/Downloads/2025 - copia\1301202501099004977700120010010010764171234567813.xml
2025-02-04 02:14:50,726 - INFO - root - Movido: C:/Users/rolan/Downloads/2025 - copia\01\0910441310001\recibidos\xml\facturas\2025\1301202501099004977700120010010010764421234567811.xml -> C:/Users/rolan/Downloads/2025 - copia\1301202501099004977700120010010010764421234567811.xml
2025-02-04 02:14:50,726 - INFO - root - Movido: C:/Users/rolan/Downloads/2025 - copia\01\0910441310001\recibidos\xml\facturas\2025\1301202501099252611400120010020000789000000000114.xml -> C:/Users/rolan/Downloads/2025 - copia\1301202501099252611400120010020000789000000000114.xml
2025-02-04 02:14:50,727 - INFO - root - Movido: C:/Users/rolan/Downloads/2025 - copia\01\0910441310001\recibidos\xml\facturas\2025\1301202501170990298300120012000000138811234567811.xml -> C:/Users/rolan/Downloads/2025 - copia\1301202501170990298300120012000000138811234567811.xml
2025-02-04 02:14:50,727 - INFO - root - Movido: C:/Users/rolan/Downloads/2025 - copia\01\0910441310001\recibidos\xml\facturas\2025\1301202501179047524700120010060474101404741014019.xml -> C:/Users/rolan/Downloads/2025 - copia\1301202501179047524700120010060474101404741014019.xml
2025-02-04 02:14:50,727 - INFO - root - Movido: C:/Users/rolan/Downloads/2025 - copia\01\0910441310001\recibidos\xml\facturas\2025\1301202501179183311200120010100000442201234567813.xml -> C:/Users/rolan/Downloads/2025 - copia\1301202501179183311200120010100000442201234567813.xml
2025-02-04 02:14:50,727 - INFO - root - Movido: C:/Users/rolan/Downloads/2025 - copia\01\0910441310001\recibidos\xml\facturas\2025\1301202501189172880400120010020003692571234567814.xml -> C:/Users/rolan/Downloads/2025 - copia\1301202501189172880400120010020003692571234567814.xml
2025-02-04 02:14:50,728 - INFO - root - Movido: C:/Users/rolan/Downloads/2025 - copia\01\0910441310001\recibidos\xml\facturas\2025\1301202501189172880400120010020003692581234567811.xml -> C:/Users/rolan/Downloads/2025 - copia\1301202501189172880400120010020003692581234567811.xml
2025-02-04 02:14:50,728 - INFO - root - Movido: C:/Users/rolan/Downloads/2025 - copia\01\0910441310001\recibidos\xml\facturas\2025\1301202501189172880400120030010000389261234567814.xml -> C:/Users/rolan/Downloads/2025 - copia\1301202501189172880400120030010000389261234567814.xml
2025-02-04 02:14:50,728 - INFO - root - Movido: C:/Users/rolan/Downloads/2025 - copia\01\0910441310001\recibidos\xml\facturas\2025\1301202501189172880400120030010000389271234567811.xml -> C:/Users/rolan/Downloads/2025 - copia\1301202501189172880400120030010000389271234567811.xml
2025-02-04 02:14:50,729 - INFO - root - Movido: C:/Users/rolan/Downloads/2025 - copia\01\0910441310001\recibidos\xml\facturas\2025\1301202501189172880400120030010000389281234567815.xml -> C:/Users/rolan/Downloads/2025 - copia\1301202501189172880400120030010000389281234567815.xml
2025-02-04 02:14:50,729 - INFO - root - Movido: C:/Users/rolan/Downloads/2025 - copia\01\0910441310001\recibidos\xml\facturas\2025\1401202501096859902000121489990619791170175134810.xml -> C:/Users/rolan/Downloads/2025 - copia\1401202501096859902000121489990619791170175134810.xml
2025-02-04 02:14:50,729 - INFO - root - Movido: C:/Users/rolan/Downloads/2025 - copia\01\0910441310001\recibidos\xml\facturas\2025\1401202501099004977700120010010010768721234567812.xml -> C:/Users/rolan/Downloads/2025 - copia\1401202501099004977700120010010010768721234567812.xml
2025-02-04 02:14:50,730 - INFO - root - Movido: C:/Users/rolan/Downloads/2025 - copia\01\0910441310001\recibidos\xml\facturas\2025\1401202501099035379400120051000002402540024025416.xml -> C:/Users/rolan/Downloads/2025 - copia\1401202501099035379400120051000002402540024025416.xml
2025-02-04 02:14:50,730 - INFO - root - Movido: C:/Users/rolan/Downloads/2025 - copia\01\0910441310001\recibidos\xml\facturas\2025\1401202501099238287200120080030001220488513903111.xml -> C:/Users/rolan/Downloads/2025 - copia\1401202501099238287200120080030001220488513903111.xml
2025-02-04 02:14:50,730 - INFO - root - Movido: C:/Users/rolan/Downloads/2025 - copia\01\0910441310001\recibidos\xml\facturas\2025\1401202501099337010400120391010000078101234567815.xml -> C:/Users/rolan/Downloads/2025 - copia\1401202501099337010400120391010000078101234567815.xml
2025-02-04 02:14:50,730 - INFO - root - Movido: C:/Users/rolan/Downloads/2025 - copia\01\0910441310001\recibidos\xml\facturas\2025\1401202501179004335500120051020001340590013405919.xml -> C:/Users/rolan/Downloads/2025 - copia\1401202501179004335500120051020001340590013405919.xml
2025-02-04 02:14:50,731 - INFO - root - Movido: C:/Users/rolan/Downloads/2025 - copia\01\0910441310001\recibidos\xml\facturas\2025\1401202501179189222400120010020001253781234567819.xml -> C:/Users/rolan/Downloads/2025 - copia\1401202501179189222400120010020001253781234567819.xml
2025-02-04 02:14:50,731 - INFO - root - Movido: C:/Users/rolan/Downloads/2025 - copia\01\0910441310001\recibidos\xml\facturas\2025\1401202501179189222400120010020001253791234567814.xml -> C:/Users/rolan/Downloads/2025 - copia\1401202501179189222400120010020001253791234567814.xml
2025-02-04 02:14:50,731 - INFO - root - Movido: C:/Users/rolan/Downloads/2025 - copia\01\0910441310001\recibidos\xml\facturas\2025\1401202501189172880400120010020003694641234567814.xml -> C:/Users/rolan/Downloads/2025 - copia\1401202501189172880400120010020003694641234567814.xml
2025-02-04 02:14:50,732 - INFO - root - Movido: C:/Users/rolan/Downloads/2025 - copia\01\0910441310001\recibidos\xml\facturas\2025\1501202501091044131000120050010000796330000000018.xml -> C:/Users/rolan/Downloads/2025 - copia\1501202501091044131000120050010000796330000000018.xml
2025-02-04 02:14:50,732 - INFO - root - Movido: C:/Users/rolan/Downloads/2025 - copia\01\0910441310001\recibidos\xml\facturas\2025\1501202501099000605900120010010004181739662611813.xml -> C:/Users/rolan/Downloads/2025 - copia\1501202501099000605900120010010004181739662611813.xml
2025-02-04 02:14:50,732 - INFO - root - Movido: C:/Users/rolan/Downloads/2025 - copia\01\0910441310001\recibidos\xml\facturas\2025\1501202501099000605900120010010004181742944083810.xml -> C:/Users/rolan/Downloads/2025 - copia\1501202501099000605900120010010004181742944083810.xml
2025-02-04 02:14:50,732 - INFO - root - Movido: C:/Users/rolan/Downloads/2025 - copia\01\0910441310001\recibidos\xml\facturas\2025\1501202501099000605900120010010004182102832408819.xml -> C:/Users/rolan/Downloads/2025 - copia\1501202501099000605900120010010004182102832408819.xml
2025-02-04 02:14:50,732 - INFO - root - Movido: C:/Users/rolan/Downloads/2025 - copia\01\0910441310001\recibidos\xml\facturas\2025\1501202501099000605900120010010004182127563119611.xml -> C:/Users/rolan/Downloads/2025 - copia\1501202501099000605900120010010004182127563119611.xml
2025-02-04 02:14:50,733 - INFO - root - Movido: C:/Users/rolan/Downloads/2025 - copia\01\0910441310001\recibidos\xml\facturas\2025\1501202501099000605900120010010004182163123426810.xml -> C:/Users/rolan/Downloads/2025 - copia\1501202501099000605900120010010004182163123426810.xml
2025-02-04 02:14:50,733 - INFO - root - Movido: C:/Users/rolan/Downloads/2025 - copia\01\0910441310001\recibidos\xml\facturas\2025\1501202501099000816700120040050011056728934033511.xml -> C:/Users/rolan/Downloads/2025 - copia\1501202501099000816700120040050011056728934033511.xml
2025-02-04 02:14:50,733 - INFO - root - Movido: C:/Users/rolan/Downloads/2025 - copia\01\0910441310001\recibidos\xml\facturas\2025\1501202501099000816700120040050011056738390763611.xml -> C:/Users/rolan/Downloads/2025 - copia\1501202501099000816700120040050011056738390763611.xml
2025-02-04 02:14:50,734 - INFO - root - Movido: C:/Users/rolan/Downloads/2025 - copia\01\0910441310001\recibidos\xml\facturas\2025\1501202501099004945900120010030170045791700457912.xml -> C:/Users/rolan/Downloads/2025 - copia\1501202501099004945900120010030170045791700457912.xml
2025-02-04 02:14:50,734 - INFO - root - Movido: C:/Users/rolan/Downloads/2025 - copia\01\0910441310001\recibidos\xml\facturas\2025\1501202501099004977700120010010010773501234567817.xml -> C:/Users/rolan/Downloads/2025 - copia\1501202501099004977700120010010010773501234567817.xml
2025-02-04 02:14:50,734 - INFO - root - Movido: C:/Users/rolan/Downloads/2025 - copia\01\0910441310001\recibidos\xml\facturas\2025\1501202501099004977700120010010010774531234567817.xml -> C:/Users/rolan/Downloads/2025 - copia\1501202501099004977700120010010010774531234567817.xml
2025-02-04 02:14:50,734 - INFO - root - Movido: C:/Users/rolan/Downloads/2025 - copia\01\0910441310001\recibidos\xml\facturas\2025\1501202501099012918500120014050000865730194339014.xml -> C:/Users/rolan/Downloads/2025 - copia\1501202501099012918500120014050000865730194339014.xml
2025-02-04 02:14:50,734 - INFO - root - Movido: C:/Users/rolan/Downloads/2025 - copia\01\0910441310001\recibidos\xml\facturas\2025\1501202501099064654600120140010000759144126153316.xml -> C:/Users/rolan/Downloads/2025 - copia\1501202501099064654600120140010000759144126153316.xml
2025-02-04 02:14:50,736 - INFO - root - Movido: C:/Users/rolan/Downloads/2025 - copia\01\0910441310001\recibidos\xml\facturas\2025\1501202501099238287200120080030001221775548429213.xml -> C:/Users/rolan/Downloads/2025 - copia\1501202501099238287200120080030001221775548429213.xml
2025-02-04 02:14:50,736 - INFO - root - Movido: C:/Users/rolan/Downloads/2025 - copia\01\0910441310001\recibidos\xml\facturas\2025\1501202501099252611400120010020000790780000000114.xml -> C:/Users/rolan/Downloads/2025 - copia\1501202501099252611400120010020000790780000000114.xml
2025-02-04 02:14:50,736 - INFO - root - Movido: C:/Users/rolan/Downloads/2025 - copia\01\0910441310001\recibidos\xml\facturas\2025\1501202501099337010400120391020000081701234567818.xml -> C:/Users/rolan/Downloads/2025 - copia\1501202501099337010400120391020000081701234567818.xml
2025-02-04 02:14:50,736 - INFO - root - Movido: C:/Users/rolan/Downloads/2025 - copia\01\0910441310001\recibidos\xml\facturas\2025\1501202501099337603400120010060000000431234567817.xml -> C:/Users/rolan/Downloads/2025 - copia\1501202501099337603400120010060000000431234567817.xml
2025-02-04 02:14:50,737 - INFO - root - Movido: C:/Users/rolan/Downloads/2025 - copia\01\0910441310001\recibidos\xml\facturas\2025\1501202501189172880400120010040001071851234567816.xml -> C:/Users/rolan/Downloads/2025 - copia\1501202501189172880400120010040001071851234567816.xml
2025-02-04 02:14:50,737 - INFO - root - Movido: C:/Users/rolan/Downloads/2025 - copia\01\0910441310001\recibidos\xml\facturas\2025\1501202501189172880400120030010000390071234567815.xml -> C:/Users/rolan/Downloads/2025 - copia\1501202501189172880400120030010000390071234567815.xml
2025-02-04 02:14:50,737 - INFO - root - Movido: C:/Users/rolan/Downloads/2025 - copia\01\0910441310001\recibidos\xml\facturas\2025\1501202501189172880400120030010000390111234567817.xml -> C:/Users/rolan/Downloads/2025 - copia\1501202501189172880400120030010000390111234567817.xml
2025-02-04 02:14:50,738 - INFO - root - Movido: C:/Users/rolan/Downloads/2025 - copia\01\0910441310001\recibidos\xml\facturas\2025\1601202501099000816700120040050011063672964666017.xml -> C:/Users/rolan/Downloads/2025 - copia\1601202501099000816700120040050011063672964666017.xml
2025-02-04 02:14:50,738 - INFO - root - Movido: C:/Users/rolan/Downloads/2025 - copia\01\0910441310001\recibidos\xml\facturas\2025\1601202501099000816700120040050011063795983299410.xml -> C:/Users/rolan/Downloads/2025 - copia\1601202501099000816700120040050011063795983299410.xml
2025-02-04 02:14:50,738 - INFO - root - Movido: C:/Users/rolan/Downloads/2025 - copia\01\0910441310001\recibidos\xml\facturas\2025\1601202501099000816700120040050011070022973257211.xml -> C:/Users/rolan/Downloads/2025 - copia\1601202501099000816700120040050011070022973257211.xml
2025-02-04 02:14:50,738 - INFO - root - Movido: C:/Users/rolan/Downloads/2025 - copia\01\0910441310001\recibidos\xml\facturas\2025\1601202501099004945900120010030170159771701597711.xml -> C:/Users/rolan/Downloads/2025 - copia\1601202501099004945900120010030170159771701597711.xml
2025-02-04 02:14:50,739 - INFO - root - Movido: C:/Users/rolan/Downloads/2025 - copia\01\0910441310001\recibidos\xml\facturas\2025\1601202501099004977700120010010010777531234567812.xml -> C:/Users/rolan/Downloads/2025 - copia\1601202501099004977700120010010010777531234567812.xml
2025-02-04 02:14:50,739 - INFO - root - Movido: C:/Users/rolan/Downloads/2025 - copia\01\0910441310001\recibidos\xml\facturas\2025\1601202501099215356300120261000623830396238303917.xml -> C:/Users/rolan/Downloads/2025 - copia\1601202501099215356300120261000623830396238303917.xml
2025-02-04 02:14:50,739 - INFO - root - Movido: C:/Users/rolan/Downloads/2025 - copia\01\0910441310001\recibidos\xml\facturas\2025\1601202501099238287200120080030001222448331943110.xml -> C:/Users/rolan/Downloads/2025 - copia\1601202501099238287200120080030001222448331943110.xml
2025-02-04 02:14:50,739 - INFO - root - Movido: C:/Users/rolan/Downloads/2025 - copia\01\0910441310001\recibidos\xml\facturas\2025\1601202501179189222400120010020001256271234567810.xml -> C:/Users/rolan/Downloads/2025 - copia\1601202501179189222400120010020001256271234567810.xml
2025-02-04 02:14:50,740 - INFO - root - Movido: C:/Users/rolan/Downloads/2025 - copia\01\0910441310001\recibidos\xml\facturas\2025\1601202501179243093300120012010000306510000000111.xml -> C:/Users/rolan/Downloads/2025 - copia\1601202501179243093300120012010000306510000000111.xml
2025-02-04 02:14:50,740 - INFO - root - Movido: C:/Users/rolan/Downloads/2025 - copia\01\0910441310001\recibidos\xml\facturas\2025\1601202501189172880400120010040001073731234567812.xml -> C:/Users/rolan/Downloads/2025 - copia\1601202501189172880400120010040001073731234567812.xml
2025-02-04 02:14:50,740 - INFO - root - Movido: C:/Users/rolan/Downloads/2025 - copia\01\0910441310001\recibidos\xml\facturas\2025\1601202501189172880400120030010000390531234567810.xml -> C:/Users/rolan/Downloads/2025 - copia\1601202501189172880400120030010000390531234567810.xml
2025-02-04 02:14:50,741 - INFO - root - Movido: C:/Users/rolan/Downloads/2025 - copia\01\0910441310001\recibidos\xml\facturas\2025\1701202501096859902000121489990621033830175134816.xml -> C:/Users/rolan/Downloads/2025 - copia\1701202501096859902000121489990621033830175134816.xml
2025-02-04 02:14:50,741 - INFO - root - Movido: C:/Users/rolan/Downloads/2025 - copia\01\0910441310001\recibidos\xml\facturas\2025\1701202501099004945900120010030170275631702756314.xml -> C:/Users/rolan/Downloads/2025 - copia\1701202501099004945900120010030170275631702756314.xml
2025-02-04 02:14:50,741 - INFO - root - Movido: C:/Users/rolan/Downloads/2025 - copia\01\0910441310001\recibidos\xml\facturas\2025\1701202501099004977700120010010010782421234567817.xml -> C:/Users/rolan/Downloads/2025 - copia\1701202501099004977700120010010010782421234567817.xml
2025-02-04 02:14:50,741 - INFO - root - Movido: C:/Users/rolan/Downloads/2025 - copia\01\0910441310001\recibidos\xml\facturas\2025\1701202501099235469000120010010001396800992354611.xml -> C:/Users/rolan/Downloads/2025 - copia\1701202501099235469000120010010001396800992354611.xml
2025-02-04 02:14:50,742 - INFO - root - Movido: C:/Users/rolan/Downloads/2025 - copia\01\0910441310001\recibidos\xml\facturas\2025\1701202501099238287200120080030001223179087816214.xml -> C:/Users/rolan/Downloads/2025 - copia\1701202501099238287200120080030001223179087816214.xml
2025-02-04 02:14:50,742 - INFO - root - Movido: C:/Users/rolan/Downloads/2025 - copia\01\0910441310001\recibidos\xml\facturas\2025\1701202501099311299200120280010000644170006441710.xml -> C:/Users/rolan/Downloads/2025 - copia\1701202501099311299200120280010000644170006441710.xml
2025-02-04 02:14:50,742 - INFO - root - Movido: C:/Users/rolan/Downloads/2025 - copia\01\0910441310001\recibidos\xml\facturas\2025\1701202501099311299200120280010000644810006448110.xml -> C:/Users/rolan/Downloads/2025 - copia\1701202501099311299200120280010000644810006448110.xml
2025-02-04 02:14:50,743 - INFO - root - Movido: C:/Users/rolan/Downloads/2025 - copia\01\0910441310001\recibidos\xml\facturas\2025\1701202501179004335500120051020001342620013426212.xml -> C:/Users/rolan/Downloads/2025 - copia\1701202501179004335500120051020001342620013426212.xml
2025-02-04 02:14:50,743 - INFO - root - Movido: C:/Users/rolan/Downloads/2025 - copia\01\0910441310001\recibidos\xml\facturas\2025\1701202501189172880400120010020003699591234567819.xml -> C:/Users/rolan/Downloads/2025 - copia\1701202501189172880400120010020003699591234567819.xml
2025-02-04 02:14:50,743 - INFO - root - Movido: C:/Users/rolan/Downloads/2025 - copia\01\0910441310001\recibidos\xml\facturas\2025\1701202501189172880400120010020003699761234567811.xml -> C:/Users/rolan/Downloads/2025 - copia\1701202501189172880400120010020003699761234567811.xml
2025-02-04 02:14:50,743 - INFO - root - Movido: C:/Users/rolan/Downloads/2025 - copia\01\0910441310001\recibidos\xml\facturas\2025\1701202501189172880400120010040001075241234567817.xml -> C:/Users/rolan/Downloads/2025 - copia\1701202501189172880400120010040001075241234567817.xml
2025-02-04 02:14:50,744 - INFO - root - Movido: C:/Users/rolan/Downloads/2025 - copia\01\0910441310001\recibidos\xml\facturas\2025\1701202501189172880400120010040001075331234567816.xml -> C:/Users/rolan/Downloads/2025 - copia\1701202501189172880400120010040001075331234567816.xml
2025-02-04 02:14:50,744 - INFO - root - Movido: C:/Users/rolan/Downloads/2025 - copia\01\0910441310001\recibidos\xml\facturas\2025\1701202501189172880400120030010000390801234567812.xml -> C:/Users/rolan/Downloads/2025 - copia\1701202501189172880400120030010000390801234567812.xml
2025-02-04 02:14:50,744 - INFO - root - Movido: C:/Users/rolan/Downloads/2025 - copia\01\0910441310001\recibidos\xml\facturas\2025\1801202501099215356300120261000624501916245019112.xml -> C:/Users/rolan/Downloads/2025 - copia\1801202501099215356300120261000624501916245019112.xml
2025-02-04 02:14:50,745 - INFO - root - Movido: C:/Users/rolan/Downloads/2025 - copia\01\0910441310001\recibidos\xml\facturas\2025\1801202501099215356300120261000624558656245586518.xml -> C:/Users/rolan/Downloads/2025 - copia\1801202501099215356300120261000624558656245586518.xml
2025-02-04 02:14:50,745 - INFO - root - Movido: C:/Users/rolan/Downloads/2025 - copia\01\0910441310001\recibidos\xml\facturas\2025\1801202501099238287200120080030001224485548429211.xml -> C:/Users/rolan/Downloads/2025 - copia\1801202501099238287200120080030001224485548429211.xml
2025-02-04 02:14:50,745 - INFO - root - Movido: C:/Users/rolan/Downloads/2025 - copia\01\0910441310001\recibidos\xml\facturas\2025\1801202501099238287200120080030001224545577655612.xml -> C:/Users/rolan/Downloads/2025 - copia\1801202501099238287200120080030001224545577655612.xml
2025-02-04 02:14:50,745 - INFO - root - Movido: C:/Users/rolan/Downloads/2025 - copia\01\0910441310001\recibidos\xml\facturas\2025\1901202501099085832200121290260003059440990858319.xml -> C:/Users/rolan/Downloads/2025 - copia\1901202501099085832200121290260003059440990858319.xml
2025-02-04 02:14:50,746 - INFO - root - Movido: C:/Users/rolan/Downloads/2025 - copia\01\0910441310001\recibidos\xml\facturas\2025\1901202501099273940100120020040001713471234567814.xml -> C:/Users/rolan/Downloads/2025 - copia\1901202501099273940100120020040001713471234567814.xml
2025-02-04 02:14:50,746 - INFO - root - Movido: C:/Users/rolan/Downloads/2025 - copia\01\0910441310001\recibidos\xml\facturas\2025\2001202501092206542000120010020000006954374508113.xml -> C:/Users/rolan/Downloads/2025 - copia\2001202501092206542000120010020000006954374508113.xml
2025-02-04 02:14:50,746 - INFO - root - Movido: C:/Users/rolan/Downloads/2025 - copia\01\0910441310001\recibidos\xml\facturas\2025\2001202501099004945900120010030170440821704408213.xml -> C:/Users/rolan/Downloads/2025 - copia\2001202501099004945900120010030170440821704408213.xml
2025-02-04 02:14:50,746 - INFO - root - Movido: C:/Users/rolan/Downloads/2025 - copia\01\0910441310001\recibidos\xml\facturas\2025\2001202501099004977700120010010010786691234567810.xml -> C:/Users/rolan/Downloads/2025 - copia\2001202501099004977700120010010010786691234567810.xml
2025-02-04 02:14:50,746 - INFO - root - Movido: C:/Users/rolan/Downloads/2025 - copia\01\0910441310001\recibidos\xml\facturas\2025\2001202501099235469000120010010001398200992354611.xml -> C:/Users/rolan/Downloads/2025 - copia\2001202501099235469000120010010001398200992354611.xml
2025-02-04 02:14:50,747 - INFO - root - Movido: C:/Users/rolan/Downloads/2025 - copia\01\0910441310001\recibidos\xml\facturas\2025\2001202501189009042300120010030009250820092508212.xml -> C:/Users/rolan/Downloads/2025 - copia\2001202501189009042300120010030009250820092508212.xml
2025-02-04 02:14:50,747 - INFO - root - Movido: C:/Users/rolan/Downloads/2025 - copia\01\0910441310001\recibidos\xml\facturas\2025\2101202501091044131000120050010000798090000000011.xml -> C:/Users/rolan/Downloads/2025 - copia\2101202501091044131000120050010000798090000000011.xml
2025-02-04 02:14:50,747 - INFO - root - Movido: C:/Users/rolan/Downloads/2025 - copia\01\0910441310001\recibidos\xml\facturas\2025\2101202501099000419600121412020001244540012445410.xml -> C:/Users/rolan/Downloads/2025 - copia\2101202501099000419600121412020001244540012445410.xml
2025-02-04 02:14:50,748 - INFO - root - Movido: C:/Users/rolan/Downloads/2025 - copia\01\0910441310001\recibidos\xml\facturas\2025\2101202501099000816700120040050011084912593800418.xml -> C:/Users/rolan/Downloads/2025 - copia\2101202501099000816700120040050011084912593800418.xml
2025-02-04 02:14:50,748 - INFO - root - Movido: C:/Users/rolan/Downloads/2025 - copia\01\0910441310001\recibidos\xml\facturas\2025\2101202501099000816700120040050011084927698881410.xml -> C:/Users/rolan/Downloads/2025 - copia\2101202501099000816700120040050011084927698881410.xml
2025-02-04 02:14:50,748 - INFO - root - Movido: C:/Users/rolan/Downloads/2025 - copia\01\0910441310001\recibidos\xml\facturas\2025\2101202501099150814700120010040001013111234567814.xml -> C:/Users/rolan/Downloads/2025 - copia\2101202501099150814700120010040001013111234567814.xml
2025-02-04 02:14:50,748 - INFO - root - Movido: C:/Users/rolan/Downloads/2025 - copia\01\0910441310001\recibidos\xml\facturas\2025\2101202501099225457200120010010004788970040709011.xml -> C:/Users/rolan/Downloads/2025 - copia\2101202501099225457200120010010004788970040709011.xml
2025-02-04 02:14:50,749 - INFO - root - Movido: C:/Users/rolan/Downloads/2025 - copia\01\0910441310001\recibidos\xml\facturas\2025\2101202501179198472200128585000000545147245436613.xml -> C:/Users/rolan/Downloads/2025 - copia\2101202501179198472200128585000000545147245436613.xml
2025-02-04 02:14:50,749 - INFO - root - Movido: C:/Users/rolan/Downloads/2025 - copia\01\0910441310001\recibidos\xml\facturas\2025\2201202501090948582300120010010000610038513903111.xml -> C:/Users/rolan/Downloads/2025 - copia\2201202501090948582300120010010000610038513903111.xml
2025-02-04 02:14:50,749 - INFO - root - Movido: C:/Users/rolan/Downloads/2025 - copia\01\0910441310001\recibidos\xml\facturas\2025\2201202501099001751400122780060001230220000000011.xml -> C:/Users/rolan/Downloads/2025 - copia\2201202501099001751400122780060001230220000000011.xml
2025-02-04 02:14:50,750 - INFO - root - Movido: C:/Users/rolan/Downloads/2025 - copia\01\0910441310001\recibidos\xml\facturas\2025\2201202501099004977700120010010010797331234567815.xml -> C:/Users/rolan/Downloads/2025 - copia\2201202501099004977700120010010010797331234567815.xml
2025-02-04 02:14:50,750 - INFO - root - Movido: C:/Users/rolan/Downloads/2025 - copia\01\0910441310001\recibidos\xml\facturas\2025\2201202501099315216100124760020001033011234567813.xml -> C:/Users/rolan/Downloads/2025 - copia\2201202501099315216100124760020001033011234567813.xml
2025-02-04 02:14:50,750 - INFO - root - Movido: C:/Users/rolan/Downloads/2025 - copia\01\0910441310001\recibidos\xml\facturas\2025\2201202501179004335500120051020001344430013444312.xml -> C:/Users/rolan/Downloads/2025 - copia\2201202501179004335500120051020001344430013444312.xml
2025-02-04 02:14:50,750 - INFO - root - Movido: C:/Users/rolan/Downloads/2025 - copia\01\0910441310001\recibidos\xml\facturas\2025\2301202501070166162100120020100001023921234567813.xml -> C:/Users/rolan/Downloads/2025 - copia\2301202501070166162100120020100001023921234567813.xml
2025-02-04 02:14:50,751 - INFO - root - Movido: C:/Users/rolan/Downloads/2025 - copia\01\0910441310001\recibidos\xml\facturas\2025\2301202501099000816700120040050011096823952572010.xml -> C:/Users/rolan/Downloads/2025 - copia\2301202501099000816700120040050011096823952572010.xml
2025-02-04 02:14:50,751 - INFO - root - Movido: C:/Users/rolan/Downloads/2025 - copia\01\0910441310001\recibidos\xml\facturas\2025\2301202501099000816700120040050011097095751286311.xml -> C:/Users/rolan/Downloads/2025 - copia\2301202501099000816700120040050011097095751286311.xml
2025-02-04 02:14:50,751 - INFO - root - Movido: C:/Users/rolan/Downloads/2025 - copia\01\0910441310001\recibidos\xml\facturas\2025\2301202501099004977700120010010010800901234567819.xml -> C:/Users/rolan/Downloads/2025 - copia\2301202501099004977700120010010010800901234567819.xml
2025-02-04 02:14:50,752 - INFO - root - Movido: C:/Users/rolan/Downloads/2025 - copia\01\0910441310001\recibidos\xml\facturas\2025\2301202501099004977700120010010010801861234567810.xml -> C:/Users/rolan/Downloads/2025 - copia\2301202501099004977700120010010010801861234567810.xml
2025-02-04 02:14:50,752 - INFO - root - Movido: C:/Users/rolan/Downloads/2025 - copia\01\0910441310001\recibidos\xml\facturas\2025\2301202501099276657300120030030000307949846951119.xml -> C:/Users/rolan/Downloads/2025 - copia\2301202501099276657300120030030000307949846951119.xml
2025-02-04 02:14:50,752 - INFO - root - Movido: C:/Users/rolan/Downloads/2025 - copia\01\0910441310001\recibidos\xml\facturas\2025\2301202501139173197300120010020000406051234567815.xml -> C:/Users/rolan/Downloads/2025 - copia\2301202501139173197300120010020000406051234567815.xml
2025-02-04 02:14:50,752 - INFO - root - Movido: C:/Users/rolan/Downloads/2025 - copia\01\0910441310001\recibidos\xml\facturas\2025\2301202501139173197300120010020000406061234567810.xml -> C:/Users/rolan/Downloads/2025 - copia\2301202501139173197300120010020000406061234567810.xml
2025-02-04 02:14:50,753 - INFO - root - Movido: C:/Users/rolan/Downloads/2025 - copia\01\0910441310001\recibidos\xml\facturas\2025\2301202501179009028000120010020001541480015414817.xml -> C:/Users/rolan/Downloads/2025 - copia\2301202501179009028000120010020001541480015414817.xml
2025-02-04 02:14:50,753 - INFO - root - Movido: C:/Users/rolan/Downloads/2025 - copia\01\0910441310001\recibidos\xml\facturas\2025\2301202501179009028000120010020001542660015426612.xml -> C:/Users/rolan/Downloads/2025 - copia\2301202501179009028000120010020001542660015426612.xml
2025-02-04 02:14:50,753 - INFO - root - Movido: C:/Users/rolan/Downloads/2025 - copia\01\0910441310001\recibidos\xml\facturas\2025\2301202501179051600800120010051133419152187814615.xml -> C:/Users/rolan/Downloads/2025 - copia\2301202501179051600800120010051133419152187814615.xml
2025-02-04 02:14:50,754 - INFO - root - Movido: C:/Users/rolan/Downloads/2025 - copia\01\0910441310001\recibidos\xml\facturas\2025\2301202501189172880400120010020003706941234567818.xml -> C:/Users/rolan/Downloads/2025 - copia\2301202501189172880400120010020003706941234567818.xml
2025-02-04 02:14:50,754 - INFO - root - Movido: C:/Users/rolan/Downloads/2025 - copia\01\0910441310001\recibidos\xml\facturas\2025\2301202501189172880400120010040001081881234567815.xml -> C:/Users/rolan/Downloads/2025 - copia\2301202501189172880400120010040001081881234567815.xml
2025-02-04 02:14:50,754 - INFO - root - Movido: C:/Users/rolan/Downloads/2025 - copia\01\0910441310001\recibidos\xml\facturas\2025\2401202501091044131000120050010000799010000000013.xml -> C:/Users/rolan/Downloads/2025 - copia\2401202501091044131000120050010000799010000000013.xml
2025-02-04 02:14:50,754 - INFO - root - Movido: C:/Users/rolan/Downloads/2025 - copia\01\0910441310001\recibidos\xml\facturas\2025\2401202501099000816700120040050011101263554568210.xml -> C:/Users/rolan/Downloads/2025 - copia\2401202501099000816700120040050011101263554568210.xml
2025-02-04 02:14:50,754 - INFO - root - Movido: C:/Users/rolan/Downloads/2025 - copia\01\0910441310001\recibidos\xml\facturas\2025\2401202501099004945900120010030170949731709497311.xml -> C:/Users/rolan/Downloads/2025 - copia\2401202501099004945900120010030170949731709497311.xml
2025-02-04 02:14:50,756 - INFO - root - Movido: C:/Users/rolan/Downloads/2025 - copia\01\0910441310001\recibidos\xml\facturas\2025\2401202501099004977700120010010010805401234567819.xml -> C:/Users/rolan/Downloads/2025 - copia\2401202501099004977700120010010010805401234567819.xml
2025-02-04 02:14:50,756 - INFO - root - Movido: C:/Users/rolan/Downloads/2025 - copia\01\0910441310001\recibidos\xml\facturas\2025\2401202501099004977700120010010010806151234567816.xml -> C:/Users/rolan/Downloads/2025 - copia\2401202501099004977700120010010010806151234567816.xml
2025-02-04 02:14:50,756 - INFO - root - Movido: C:/Users/rolan/Downloads/2025 - copia\01\0910441310001\recibidos\xml\facturas\2025\2401202501099012918500120092030000418530195380714.xml -> C:/Users/rolan/Downloads/2025 - copia\2401202501099012918500120092030000418530195380714.xml
2025-02-04 02:14:50,756 - INFO - root - Movido: C:/Users/rolan/Downloads/2025 - copia\01\0910441310001\recibidos\xml\facturas\2025\2401202501171376270400120012010000715250000000110.xml -> C:/Users/rolan/Downloads/2025 - copia\2401202501171376270400120012010000715250000000110.xml
2025-02-04 02:14:50,757 - INFO - root - Movido: C:/Users/rolan/Downloads/2025 - copia\01\0910441310001\recibidos\xml\facturas\2025\2401202501189172880400120010040001083261234567819.xml -> C:/Users/rolan/Downloads/2025 - copia\2401202501189172880400120010040001083261234567819.xml
2025-02-04 02:14:50,757 - INFO - root - Movido: C:/Users/rolan/Downloads/2025 - copia\01\0910441310001\recibidos\xml\facturas\2025\2401202501189172880400120030010000392271234567810.xml -> C:/Users/rolan/Downloads/2025 - copia\2401202501189172880400120030010000392271234567810.xml
2025-02-04 02:14:50,757 - INFO - root - Movido: C:/Users/rolan/Downloads/2025 - copia\01\0910441310001\recibidos\xml\facturas\2025\2501202501091664635900120020220000012170000124118.xml -> C:/Users/rolan/Downloads/2025 - copia\2501202501091664635900120020220000012170000124118.xml
2025-02-04 02:14:50,758 - INFO - root - Movido: C:/Users/rolan/Downloads/2025 - copia\01\0910441310001\recibidos\xml\facturas\2025\2501202501099012918500120014050000896770195405111.xml -> C:/Users/rolan/Downloads/2025 - copia\2501202501099012918500120014050000896770195405111.xml
2025-02-04 02:14:50,758 - INFO - root - Movido: C:/Users/rolan/Downloads/2025 - copia\01\0910441310001\recibidos\xml\facturas\2025\2601202501099000419600121410020009285130092851310.xml -> C:/Users/rolan/Downloads/2025 - copia\2601202501099000419600121410020009285130092851310.xml
2025-02-04 02:14:50,758 - INFO - root - Movido: C:/Users/rolan/Downloads/2025 - copia\01\0910441310001\recibidos\xml\facturas\2025\2601202501179125123700120012140186289001234567810.xml -> C:/Users/rolan/Downloads/2025 - copia\2601202501179125123700120012140186289001234567810.xml
2025-02-04 02:14:50,759 - INFO - root - Movido: C:/Users/rolan/Downloads/2025 - copia\01\0910441310001\recibidos\xml\facturas\2025\2701202501070166162100120020100001025521234567810.xml -> C:/Users/rolan/Downloads/2025 - copia\2701202501070166162100120020100001025521234567810.xml
2025-02-04 02:14:50,759 - INFO - root - Movido: C:/Users/rolan/Downloads/2025 - copia\01\0910441310001\recibidos\xml\facturas\2025\2701202501070166162100120020100001025751234567816.xml -> C:/Users/rolan/Downloads/2025 - copia\2701202501070166162100120020100001025751234567816.xml
2025-02-04 02:14:50,759 - INFO - root - Movido: C:/Users/rolan/Downloads/2025 - copia\01\0910441310001\recibidos\xml\facturas\2025\2701202501091044131000120050010000799720000000014.xml -> C:/Users/rolan/Downloads/2025 - copia\2701202501091044131000120050010000799720000000014.xml
2025-02-04 02:14:50,759 - INFO - root - Movido: C:/Users/rolan/Downloads/2025 - copia\01\0910441310001\recibidos\xml\facturas\2025\2701202501091664635900120020220000012340000125817.xml -> C:/Users/rolan/Downloads/2025 - copia\2701202501091664635900120020220000012340000125817.xml
2025-02-04 02:14:50,760 - INFO - root - Movido: C:/Users/rolan/Downloads/2025 - copia\01\0910441310001\recibidos\xml\facturas\2025\2701202501099004945900120010030171114561711145613.xml -> C:/Users/rolan/Downloads/2025 - copia\2701202501099004945900120010030171114561711145613.xml
2025-02-04 02:14:50,760 - INFO - root - Movido: C:/Users/rolan/Downloads/2025 - copia\01\0910441310001\recibidos\xml\facturas\2025\2701202501099004977700120010010010810181234567812.xml -> C:/Users/rolan/Downloads/2025 - copia\2701202501099004977700120010010010810181234567812.xml
2025-02-04 02:14:50,760 - INFO - root - Movido: C:/Users/rolan/Downloads/2025 - copia\01\0910441310001\recibidos\xml\facturas\2025\2701202501099004977700120010010010810271234567811.xml -> C:/Users/rolan/Downloads/2025 - copia\2701202501099004977700120010010010810271234567811.xml
2025-02-04 02:14:50,761 - INFO - root - Movido: C:/Users/rolan/Downloads/2025 - copia\01\0910441310001\recibidos\xml\facturas\2025\2701202501099004977700120010010010810731234567812.xml -> C:/Users/rolan/Downloads/2025 - copia\2701202501099004977700120010010010810731234567812.xml
2025-02-04 02:14:50,761 - INFO - root - Movido: C:/Users/rolan/Downloads/2025 - copia\01\0910441310001\recibidos\xml\facturas\2025\2701202501099004977700120010010010811261234567811.xml -> C:/Users/rolan/Downloads/2025 - copia\2701202501099004977700120010010010811261234567811.xml
2025-02-04 02:14:50,761 - INFO - root - Movido: C:/Users/rolan/Downloads/2025 - copia\01\0910441310001\recibidos\xml\facturas\2025\2701202501099238287200120080030001232265548429211.xml -> C:/Users/rolan/Downloads/2025 - copia\2701202501099238287200120080030001232265548429211.xml
2025-02-04 02:14:50,762 - INFO - root - Movido: C:/Users/rolan/Downloads/2025 - copia\01\0910441310001\recibidos\xml\facturas\2025\2701202501189172880400120010020003709471234567810.xml -> C:/Users/rolan/Downloads/2025 - copia\2701202501189172880400120010020003709471234567810.xml
2025-02-04 02:14:50,762 - INFO - root - Movido: C:/Users/rolan/Downloads/2025 - copia\01\0910441310001\recibidos\xml\facturas\2025\2801202501070166162100120020100001026251234567811.xml -> C:/Users/rolan/Downloads/2025 - copia\2801202501070166162100120020100001026251234567811.xml
2025-02-04 02:14:50,762 - INFO - root - Movido: C:/Users/rolan/Downloads/2025 - copia\01\0910441310001\recibidos\xml\facturas\2025\2801202501091044131000120050010000799740000000011.xml -> C:/Users/rolan/Downloads/2025 - copia\2801202501091044131000120050010000799740000000011.xml
2025-02-04 02:14:50,763 - INFO - root - Movido: C:/Users/rolan/Downloads/2025 - copia\01\0910441310001\recibidos\xml\facturas\2025\2801202501099004945900120010030171269291712692913.xml -> C:/Users/rolan/Downloads/2025 - copia\2801202501099004945900120010030171269291712692913.xml
2025-02-04 02:14:50,763 - INFO - root - Movido: C:/Users/rolan/Downloads/2025 - copia\01\0910441310001\recibidos\xml\facturas\2025\2801202501099004977700120010010010816801234567817.xml -> C:/Users/rolan/Downloads/2025 - copia\2801202501099004977700120010010010816801234567817.xml
2025-02-04 02:14:50,763 - INFO - root - Movido: C:/Users/rolan/Downloads/2025 - copia\01\0910441310001\recibidos\xml\facturas\2025\2801202501179009028000120010020001546770015467715.xml -> C:/Users/rolan/Downloads/2025 - copia\2801202501179009028000120010020001546770015467715.xml
2025-02-04 02:14:50,764 - INFO - root - Movido: C:/Users/rolan/Downloads/2025 - copia\01\0910441310001\recibidos\xml\facturas\2025\2801202501179198472200123735010001594983513253519.xml -> C:/Users/rolan/Downloads/2025 - copia\2801202501179198472200123735010001594983513253519.xml
2025-02-04 02:14:50,764 - INFO - root - Movido: C:/Users/rolan/Downloads/2025 - copia\01\0910441310001\recibidos\xml\facturas\2025\2801202501179226184800120010020007083310000000111.xml -> C:/Users/rolan/Downloads/2025 - copia\2801202501179226184800120010020007083310000000111.xml
2025-02-04 02:14:50,764 - INFO - root - Movido: C:/Users/rolan/Downloads/2025 - copia\01\0910441310001\recibidos\xml\facturas\2025\2801202501179243093300120012010000308290000000111.xml -> C:/Users/rolan/Downloads/2025 - copia\2801202501179243093300120012010000308290000000111.xml
2025-02-04 02:14:50,765 - INFO - root - Movido: C:/Users/rolan/Downloads/2025 - copia\01\0910441310001\recibidos\xml\facturas\2025\2801202501179243093300120012010000308310000000112.xml -> C:/Users/rolan/Downloads/2025 - copia\2801202501179243093300120012010000308310000000112.xml
2025-02-04 02:14:50,765 - INFO - root - Movido: C:/Users/rolan/Downloads/2025 - copia\01\0910441310001\recibidos\xml\facturas\2025\2801202501189172880400120010040001086621234567814.xml -> C:/Users/rolan/Downloads/2025 - copia\2801202501189172880400120010040001086621234567814.xml
2025-02-04 02:14:50,765 - INFO - root - Movido: C:/Users/rolan/Downloads/2025 - copia\01\0910441310001\recibidos\xml\facturas\2025\2901202501070166162100120020100001026591234567811.xml -> C:/Users/rolan/Downloads/2025 - copia\2901202501070166162100120020100001026591234567811.xml
2025-02-04 02:14:50,765 - INFO - root - Movido: C:/Users/rolan/Downloads/2025 - copia\01\0910441310001\recibidos\xml\facturas\2025\2901202501070166162100120020100001027091234567812.xml -> C:/Users/rolan/Downloads/2025 - copia\2901202501070166162100120020100001027091234567812.xml
2025-02-04 02:14:50,766 - INFO - root - Movido: C:/Users/rolan/Downloads/2025 - copia\01\0910441310001\recibidos\xml\facturas\2025\2901202501099000816700120040050011118328922807515.xml -> C:/Users/rolan/Downloads/2025 - copia\2901202501099000816700120040050011118328922807515.xml
2025-02-04 02:14:50,766 - INFO - root - Movido: C:/Users/rolan/Downloads/2025 - copia\01\0910441310001\recibidos\xml\facturas\2025\2901202501099000816700120040050011118468571452819.xml -> C:/Users/rolan/Downloads/2025 - copia\2901202501099000816700120040050011118468571452819.xml
2025-02-04 02:14:50,766 - INFO - root - Movido: C:/Users/rolan/Downloads/2025 - copia\01\0910441310001\recibidos\xml\facturas\2025\2901202501099004977700120010010010820441234567811.xml -> C:/Users/rolan/Downloads/2025 - copia\2901202501099004977700120010010010820441234567811.xml
2025-02-04 02:14:50,766 - INFO - root - Movido: C:/Users/rolan/Downloads/2025 - copia\01\0910441310001\recibidos\xml\facturas\2025\2901202501099004977700120010010010820861234567810.xml -> C:/Users/rolan/Downloads/2025 - copia\2901202501099004977700120010010010820861234567810.xml
2025-02-04 02:14:50,766 - INFO - root - Movido: C:/Users/rolan/Downloads/2025 - copia\01\0910441310001\recibidos\xml\facturas\2025\2901202501099004977700120010010010820871234567816.xml -> C:/Users/rolan/Downloads/2025 - copia\2901202501099004977700120010010010820871234567816.xml
2025-02-04 02:14:50,767 - INFO - root - Movido: C:/Users/rolan/Downloads/2025 - copia\01\0910441310001\recibidos\xml\facturas\2025\2901202501099013317400120010050002167371574167811.xml -> C:/Users/rolan/Downloads/2025 - copia\2901202501099013317400120010050002167371574167811.xml
2025-02-04 02:14:50,767 - INFO - root - Movido: C:/Users/rolan/Downloads/2025 - copia\01\0910441310001\recibidos\xml\facturas\2025\2901202501099033192800120010150003833563835281414.xml -> C:/Users/rolan/Downloads/2025 - copia\2901202501099033192800120010150003833563835281414.xml
2025-02-04 02:14:50,767 - INFO - root - Movido: C:/Users/rolan/Downloads/2025 - copia\01\0910441310001\recibidos\xml\facturas\2025\2901202501099252611400120010020000796980000000117.xml -> C:/Users/rolan/Downloads/2025 - copia\2901202501099252611400120010020000796980000000117.xml
2025-02-04 02:14:50,768 - INFO - root - Movido: C:/Users/rolan/Downloads/2025 - copia\01\0910441310001\recibidos\xml\facturas\2025\2901202501099252611400120010020000796990000000112.xml -> C:/Users/rolan/Downloads/2025 - copia\2901202501099252611400120010020000796990000000112.xml
2025-02-04 02:14:50,768 - INFO - root - Movido: C:/Users/rolan/Downloads/2025 - copia\01\0910441310001\recibidos\xml\facturas\2025\2901202501099315216100121450010002018920020189211.xml -> C:/Users/rolan/Downloads/2025 - copia\2901202501099315216100121450010002018920020189211.xml
2025-02-04 02:14:50,768 - INFO - root - Movido: C:/Users/rolan/Downloads/2025 - copia\01\0910441310001\recibidos\xml\facturas\2025\2901202501189172880400120010020003713141234567816.xml -> C:/Users/rolan/Downloads/2025 - copia\2901202501189172880400120010020003713141234567816.xml
2025-02-04 02:14:50,768 - INFO - root - Movido: C:/Users/rolan/Downloads/2025 - copia\01\0910441310001\recibidos\xml\facturas\2025\3001202501099000605900120010010004190770350485210.xml -> C:/Users/rolan/Downloads/2025 - copia\3001202501099000605900120010010004190770350485210.xml
2025-02-04 02:14:50,769 - INFO - root - Movido: C:/Users/rolan/Downloads/2025 - copia\01\0910441310001\recibidos\xml\facturas\2025\3001202501099004977700120010010010825621234567810.xml -> C:/Users/rolan/Downloads/2025 - copia\3001202501099004977700120010010010825621234567810.xml
2025-02-04 02:14:50,769 - INFO - root - Movido: C:/Users/rolan/Downloads/2025 - copia\01\0910441310001\recibidos\xml\facturas\2025\3001202501099085832200121290230001336410990858316.xml -> C:/Users/rolan/Downloads/2025 - copia\3001202501099085832200121290230001336410990858316.xml
2025-02-04 02:14:50,769 - INFO - root - Movido: C:/Users/rolan/Downloads/2025 - copia\01\0910441310001\recibidos\xml\facturas\2025\3001202501099150814700120010040001016731234567812.xml -> C:/Users/rolan/Downloads/2025 - copia\3001202501099150814700120010040001016731234567812.xml
2025-02-04 02:14:50,770 - INFO - root - Movido: C:/Users/rolan/Downloads/2025 - copia\01\0910441310001\recibidos\xml\facturas\2025\3001202501099337010400120391010000085481234567819.xml -> C:/Users/rolan/Downloads/2025 - copia\3001202501099337010400120391010000085481234567819.xml
2025-02-04 02:14:50,770 - INFO - root - Movido: C:/Users/rolan/Downloads/2025 - copia\01\0910441310001\recibidos\xml\facturas\2025\3001202501099337010400120391010000085491234567814.xml -> C:/Users/rolan/Downloads/2025 - copia\3001202501099337010400120391010000085491234567814.xml
2025-02-04 02:14:50,770 - INFO - root - Movido: C:/Users/rolan/Downloads/2025 - copia\01\0910441310001\recibidos\xml\facturas\2025\3001202501179001691900122161050000984180318008410.xml -> C:/Users/rolan/Downloads/2025 - copia\3001202501179001691900122161050000984180318008410.xml
2025-02-04 02:14:50,770 - INFO - root - Movido: C:/Users/rolan/Downloads/2025 - copia\01\0910441310001\recibidos\xml\facturas\2025\3001202501179001691900122161050000984190318008513.xml -> C:/Users/rolan/Downloads/2025 - copia\3001202501179001691900122161050000984190318008513.xml
2025-02-04 02:14:50,771 - INFO - root - Movido: C:/Users/rolan/Downloads/2025 - copia\01\0910441310001\recibidos\xml\facturas\2025\3001202501179278812900120020010000797791234567819.xml -> C:/Users/rolan/Downloads/2025 - copia\3001202501179278812900120020010000797791234567819.xml
2025-02-04 02:14:50,771 - INFO - root - Movido: C:/Users/rolan/Downloads/2025 - copia\01\0910441310001\recibidos\xml\facturas\2025\3001202501189172880400120010020003714171234567819.xml -> C:/Users/rolan/Downloads/2025 - copia\3001202501189172880400120010020003714171234567819.xml
2025-02-04 02:14:50,771 - INFO - root - Movido: C:/Users/rolan/Downloads/2025 - copia\01\0910441310001\recibidos\xml\facturas\2025\3101202501096858760000120010080018558051234567814.xml -> C:/Users/rolan/Downloads/2025 - copia\3101202501096858760000120010080018558051234567814.xml
2025-02-04 02:14:50,772 - INFO - root - Movido: C:/Users/rolan/Downloads/2025 - copia\01\0910441310001\recibidos\xml\facturas\2025\3101202501099000573700121000020039126891937129211.xml -> C:/Users/rolan/Downloads/2025 - copia\3101202501099000573700121000020039126891937129211.xml
2025-02-04 02:14:50,772 - INFO - root - Movido: C:/Users/rolan/Downloads/2025 - copia\01\0910441310001\recibidos\xml\facturas\2025\3101202501099004945900120010070074700839955128411.xml -> C:/Users/rolan/Downloads/2025 - copia\3101202501099004945900120010070074700839955128411.xml
2025-02-04 02:14:50,772 - INFO - root - Movido: C:/Users/rolan/Downloads/2025 - copia\01\0910441310001\recibidos\xml\facturas\2025\3101202501099238287200120080030001237029087816215.xml -> C:/Users/rolan/Downloads/2025 - copia\3101202501099238287200120080030001237029087816215.xml
2025-02-04 02:14:50,772 - INFO - root - Movido: C:/Users/rolan/Downloads/2025 - copia\01\0910441310001\recibidos\xml\facturas\2025\3101202501179009835400120010050064925720000000113.xml -> C:/Users/rolan/Downloads/2025 - copia\3101202501179009835400120010050064925720000000113.xml
2025-02-04 02:14:50,773 - INFO - root - Movido: C:/Users/rolan/Downloads/2025 - copia\01\0910441310001\recibidos\xml\facturas\2025\3101202501179009835400120010060190619700000000110.xml -> C:/Users/rolan/Downloads/2025 - copia\3101202501179009835400120010060190619700000000110.xml
2025-02-04 02:14:50,773 - INFO - root - Movido: C:/Users/rolan/Downloads/2025 - copia\01\0910441310001\recibidos\xml\facturas\2025\3101202501179028338000120010140071805690718056911.xml -> C:/Users/rolan/Downloads/2025 - copia\3101202501179028338000120010140071805690718056911.xml
2025-02-04 02:14:50,773 - INFO - root - Movido: C:/Users/rolan/Downloads/2025 - copia\01\0910441310001\recibidos\xml\facturas\2025\3101202501179028338000120010140071928260719282613.xml -> C:/Users/rolan/Downloads/2025 - copia\3101202501179028338000120010140071928260719282613.xml
2025-02-04 02:14:50,774 - INFO - root - Movido: C:/Users/rolan/Downloads/2025 - copia\01\0910441310001\recibidos\xml\facturas\2025\3101202501179028338000120010140072163510721635115.xml -> C:/Users/rolan/Downloads/2025 - copia\3101202501179028338000120010140072163510721635115.xml
2025-02-04 02:14:50,774 - INFO - root - Movido: C:/Users/rolan/Downloads/2025 - copia\01\0910441310001\recibidos\xml\facturas\2025\3101202501179028338000120010190047585810475858110.xml -> C:/Users/rolan/Downloads/2025 - copia\3101202501179028338000120010190047585810475858110.xml
2025-02-04 02:14:50,774 - INFO - root - Movido: C:/Users/rolan/Downloads/2025 - copia\01\0910441310001\recibidos\xml\facturas\2025\3101202501179028338000120010200021818190218181918.xml -> C:/Users/rolan/Downloads/2025 - copia\3101202501179028338000120010200021818190218181918.xml
2025-02-04 02:14:50,774 - INFO - root - Movido: C:/Users/rolan/Downloads/2025 - copia\01\0910441310001\recibidos\xml\facturas\2025\3101202501179110938400120010130254816831791109318.xml -> C:/Users/rolan/Downloads/2025 - copia\3101202501179110938400120010130254816831791109318.xml
2025-02-04 02:14:50,774 - INFO - root - Movido: C:/Users/rolan/Downloads/2025 - copia\01\0910441310001\recibidos\xml\facturas\2025\3101202501189172880400120010020003715671234567811.xml -> C:/Users/rolan/Downloads/2025 - copia\3101202501189172880400120010020003715671234567811.xml
2025-02-04 02:14:50,777 - INFO - root - Movido: C:/Users/rolan/Downloads/2025 - copia\01\0910441310001\recibidos\xml\facturas\2025\3101202501189172880400120030010000393571234567818.xml -> C:/Users/rolan/Downloads/2025 - copia\3101202501189172880400120030010000393571234567818.xml
2025-02-04 02:14:50,777 - INFO - root - Movido: C:/Users/rolan/Downloads/2025 - copia\0930808662001\recibidos\xml\facturas\02\0102202501099133185900120700500001196001357246818.xml -> C:/Users/rolan/Downloads/2025 - copia\0102202501099133185900120700500001196001357246818.xml
2025-02-04 02:14:50,777 - INFO - root - Movido: C:/Users/rolan/Downloads/2025 - copia\0930808662001\recibidos\xml\facturas\02\0102202501179184765200120010010311976963119769619.xml -> C:/Users/rolan/Downloads/2025 - copia\0102202501179184765200120010010311976963119769619.xml
2025-02-04 02:14:50,778 - INFO - root - Movido: C:/Users/rolan/Downloads/2025 - copia\0930808662001\recibidos\xml\facturas\02\0202202501179237925300120100020000122631234567811.xml -> C:/Users/rolan/Downloads/2025 - copia\0202202501179237925300120100020000122631234567811.xml
2025-02-04 02:14:50,778 - INFO - root - Movido: C:/Users/rolan/Downloads/2025 - copia\0930808662001\recibidos\xml\facturas\02\0302202501099225540400120050030004124911234567815.xml -> C:/Users/rolan/Downloads/2025 - copia\0302202501099225540400120050030004124911234567815.xml
2025-02-04 02:14:50,778 - INFO - root - Movido: C:/Users/rolan/Downloads/2025 - copia\0930808662001\recibidos\xml\facturas\02\0302202501099227527800120010130001686641834625713.xml -> C:/Users/rolan/Downloads/2025 - copia\0302202501099227527800120010130001686641834625713.xml
2025-02-04 02:14:50,779 - INFO - root - Movido: C:/Users/rolan/Downloads/2025 - copia\0930808662001\recibidos\xml\facturas\02\0302202501099227527800120010130001686893481762516.xml -> C:/Users/rolan/Downloads/2025 - copia\0302202501099227527800120010130001686893481762516.xml
2025-02-04 02:15:54,564 - INFO - root - Logging configurado correctamente. Archivo de log: C:\Users\rolan\PycharmProjects\sri_xml_bot\sri_xml_bot\librerias\archivos/app.log
2025-02-04 02:15:54,618 - INFO - root - Configuración cargada desde C:\Users\rolan\PycharmProjects\sri_xml_bot\sri_xml_bot\librerias\archivos/configuraciones.ini
2025-02-04 02:16:08,839 - INFO - root - Logging configurado correctamente. Archivo de log: C:\Users\rolan\PycharmProjects\sri_xml_bot\sri_xml_bot\librerias\archivos/app.log
2025-02-04 02:16:08,874 - INFO - root - Configuración cargada desde C:\Users\rolan\PycharmProjects\sri_xml_bot\sri_xml_bot\librerias\archivos/configuraciones.ini
2025-02-04 02:16:14,031 - INFO - root - Configuración cargada desde C:\Users\rolan\PycharmProjects\sri_xml_bot\sri_xml_bot\librerias\archivos/configuraciones.ini
2025-02-04 02:16:16,032 - INFO - root - Iniciando descarga de documentos.
2025-02-04 02:16:17,281 - INFO - root - Proceso de eliminación de duplicados finalizado.
2025-02-04 02:16:17,463 - INFO - root - Descarga de documentos completada.
2025-02-04 02:18:06,240 - INFO - root - Logging configurado correctamente. Archivo de log: C:\Users\rolan\PycharmProjects\sri_xml_bot\sri_xml_bot\librerias\archivos/app.log
2025-02-04 02:18:06,274 - INFO - root - Configuración cargada desde C:\Users\rolan\PycharmProjects\sri_xml_bot\sri_xml_bot\librerias\archivos/configuraciones.ini
2025-02-04 02:18:11,608 - INFO - root - Configuración 'ruta_guardado' guardada exitosamente en C:\Users\rolan\PycharmProjects\sri_xml_bot\sri_xml_bot\librerias\archivos/configuraciones.ini.
2025-02-04 02:18:13,565 - INFO - root - Configuración cargada desde C:\Users\rolan\PycharmProjects\sri_xml_bot\sri_xml_bot\librerias\archivos/configuraciones.ini
2025-02-04 02:18:18,079 - INFO - root - Iniciando descarga de documentos.
2025-02-04 02:18:18,080 - INFO - root - Proceso de eliminación de duplicados finalizado.
2025-02-04 02:18:18,080 - INFO - root - Descarga de documentos completada.
2025-02-04 02:18:36,257 - INFO - root - Logging configurado correctamente. Archivo de log: C:\Users\rolan\PycharmProjects\sri_xml_bot\sri_xml_bot\librerias\archivos/app.log
2025-02-04 02:18:36,292 - INFO - root - Configuración cargada desde C:\Users\rolan\PycharmProjects\sri_xml_bot\sri_xml_bot\librerias\archivos/configuraciones.ini
2025-02-04 02:18:38,028 - INFO - root - Configuración cargada desde C:\Users\rolan\PycharmProjects\sri_xml_bot\sri_xml_bot\librerias\archivos/configuraciones.ini
2025-02-04 02:18:42,798 - INFO - root - Iniciando descarga de documentos.
2025-02-04 02:18:42,799 - INFO - root - Proceso de eliminación de duplicados finalizado.
2025-02-04 02:18:42,799 - INFO - root - Descarga de documentos completada.
2025-02-04 02:19:16,098 - INFO - root - Logging configurado correctamente. Archivo de log: C:\Users\rolan\PycharmProjects\sri_xml_bot\sri_xml_bot\librerias\archivos/app.log
2025-02-04 02:19:16,131 - INFO - root - Configuración cargada desde C:\Users\rolan\PycharmProjects\sri_xml_bot\sri_xml_bot\librerias\archivos/configuraciones.ini
2025-02-04 02:19:17,882 - INFO - root - Configuración cargada desde C:\Users\rolan\PycharmProjects\sri_xml_bot\sri_xml_bot\librerias\archivos/configuraciones.ini
2025-02-04 02:19:23,042 - INFO - root - Logging configurado correctamente. Archivo de log: C:\Users\rolan\PycharmProjects\sri_xml_bot\sri_xml_bot\librerias\archivos/app.log
2025-02-04 02:19:23,077 - INFO - root - Configuración cargada desde C:\Users\rolan\PycharmProjects\sri_xml_bot\sri_xml_bot\librerias\archivos/configuraciones.ini
2025-02-04 02:19:24,533 - INFO - root - Configuración cargada desde C:\Users\rolan\PycharmProjects\sri_xml_bot\sri_xml_bot\librerias\archivos/configuraciones.ini
2025-02-04 02:19:26,642 - INFO - root - Iniciando descarga de documentos.
2025-02-04 02:19:26,831 - INFO - root - Descarga de documentos completada.
